#
# A fatal error has been detected by the Java Runtime Environment:
#
#  SIGSEGV (0xb) at pc=0x000000011a86c2e0, pid=18745, tid=259
#
# JRE version: OpenJDK Runtime Environment Homebrew (18.0.2.1) (build 18.0.2.1+0)
# Java VM: OpenJDK 64-Bit Server VM Homebrew (18.0.2.1+0, mixed mode, sharing, tiered, compressed oops, compressed class ptrs, g1 gc, bsd-amd64)
# Problematic frame:
# j  java.lang.invoke.Invokers$Holder.linkToTargetMethod(Ljava/lang/Object;)Ljava/lang/Object;+0 java.base@18.0.2.1
#
# No core dump will be written. Core dumps have been disabled. To enable core dumping, try "ulimit -c unlimited" before starting Java again
#
# If you would like to submit a bug report, please visit:
#   https://github.com/Homebrew/homebrew-core/issues
#

---------------  S U M M A R Y ------------

Command Line: --module-path=/Users/sondrealfnes/Documents/NTNU Informatikk/ITP/gr2216/passwordManager/target/classes:/Users/sondrealfnes/.m2/repository/org/openjfx/javafx-base/16/javafx-base-16-mac.jar:/Users/sondrealfnes/.m2/repository/org/openjfx/javafx-controls/16/javafx-controls-16-mac.jar:/Users/sondrealfnes/.m2/repository/org/openjfx/javafx-fxml/16/javafx-fxml-16-mac.jar:/Users/sondrealfnes/.m2/repository/org/openjfx/javafx-graphics/16/javafx-graphics-16-mac.jar --add-modules=app -Djdk.module.main=app app/app.PasswordManagerApp

Host: "MacBookPro15,2" x86_64 2300 MHz, 8 cores, 8G, Darwin 21.5.0, macOS 12.4 (21F79)
Time: Mon Sep 26 17:56:15 2022 CEST elapsed time: 0.481404 seconds (0d 0h 0m 0s)

---------------  T H R E A D  ---------------

Current thread (0x00007fbe42958e00):  JavaThread "Thread-1" [_thread_in_Java, id=259, stack(0x00007ff7b8425000,0x00007ff7b8c25000)]

Stack: [0x00007ff7b8425000,0x00007ff7b8c25000],  sp=0x00007ff7b8c20118,  free space=8172k
Native frames: (J=compiled Java code, j=interpreted, Vv=VM code, C=native code)
j  java.lang.invoke.Invokers$Holder.linkToTargetMethod(Ljava/lang/Object;)Ljava/lang/Object;+0 java.base@18.0.2.1
j  com.sun.glass.ui.Screen.<clinit>()V+4 javafx.graphics
v  ~StubRoutines::call_stub
V  [libjvm.dylib+0x3e2686]  JavaCalls::call_helper(JavaValue*, methodHandle const&, JavaCallArguments*, JavaThread*)+0x20a
V  [libjvm.dylib+0x3c927a]  InstanceKlass::call_class_initializer(JavaThread*)+0x1aa
V  [libjvm.dylib+0x3c8629]  InstanceKlass::initialize_impl(JavaThread*)+0x51d
V  [libjvm.dylib+0x5891db]  LinkResolver::resolve_static_call(CallInfo&, LinkInfo const&, bool, JavaThread*)+0x67
V  [libjvm.dylib+0x58aced]  LinkResolver::resolve_invokestatic(CallInfo&, constantPoolHandle const&, int, JavaThread*)+0x35
V  [libjvm.dylib+0x3dd753]  InterpreterRuntime::resolve_invoke(JavaThread*, Bytecodes::Code)+0x205
V  [libjvm.dylib+0x3ddc49]  InterpreterRuntime::resolve_from_cache(JavaThread*, Bytecodes::Code)+0x39
j  com.sun.glass.ui.Application.lambda$run$1(Ljava/lang/Runnable;)V+0 javafx.graphics
j  com.sun.glass.ui.Application$$Lambda$73+0x0000000800c29d30.run()V+4 javafx.graphics
j  com.sun.glass.ui.mac.MacApplication.lambda$runLoop$3(Ljava/lang/Runnable;)V+12 javafx.graphics
j  com.sun.glass.ui.mac.MacApplication$$Lambda$74+0x0000000800c30000.run()V+8 javafx.graphics
v  ~StubRoutines::call_stub
V  [libjvm.dylib+0x3e2686]  JavaCalls::call_helper(JavaValue*, methodHandle const&, JavaCallArguments*, JavaThread*)+0x20a
V  [libjvm.dylib+0x42aa6b]  jni_invoke_nonstatic(JNIEnv_*, JavaValue*, _jobject*, JNICallType, _jmethodID*, JNI_ArgumentPusher*, JavaThread*)+0x254
V  [libjvm.dylib+0x42e4cb]  jni_CallVoidMethod+0x149
C  [libglass.dylib+0x9282]  -[GlassApplication applicationWillFinishLaunching:]+0x192
C  [CoreFoundation+0x7575c]  __CFNOTIFICATIONCENTER_IS_CALLING_OUT_TO_AN_OBSERVER__+0xc
C  [CoreFoundation+0x112b52]  ___CFXRegistrationPost_block_invoke+0x31
C  [CoreFoundation+0x112ad0]  _CFXRegistrationPost+0x1f0
C  [CoreFoundation+0x47398]  _CFXNotificationPost+0x2df
C  [Foundation+0x980e]  -[NSNotificationCenter postNotificationName:object:userInfo:]+0x52
C  [AppKit+0x3020f]  -[NSApplication finishLaunching]+0x147
C  [AppKit+0x2fe19]  -[NSApplication run]+0xfa
C  [libglass.dylib+0xaf60]  -[GlassApplication runLoop:]+0x750
C  [Foundation+0x81557]  __NSThreadPerformPerform+0xb3
C  [CoreFoundation+0x8019b]  __CFRUNLOOP_IS_CALLING_OUT_TO_A_SOURCE0_PERFORM_FUNCTION__+0x11
C  [CoreFoundation+0x80103]  __CFRunLoopDoSource0+0xb4
C  [CoreFoundation+0x7fe7d]  __CFRunLoopDoSources0+0xf2
C  [CoreFoundation+0x7e898]  __CFRunLoopRun+0x37c
C  [CoreFoundation+0x7de5c]  CFRunLoopRunSpecific+0x232
C  [libjli.dylib+0xb7a2]  CreateExecutionEnvironment+0x17d
C  [libjli.dylib+0x7bad]  JLI_Launch+0x51d
C  [java+0x3c11]  main+0x16b
C  0x0000000112cbd51e


siginfo: si_signo: 11 (SIGSEGV), si_code: 1 (SEGV_MAPERR), si_addr: 0x0000000000146e48

Register to memory mapping:

RAX=0x000000080009c138 is a pointer to class: 
java.lang.invoke.MethodHandle {0x000000080009c138}
 - instance size:     4
 - klass size:        102
 - access:            public synchronized abstract 
 - state:             fully_initialized
 - name:              'java/lang/invoke/MethodHandle'
 - super:             'java/lang/Object'
 - sub:               'java/lang/invoke/DelegatingMethodHandle'   'java/lang/invoke/BoundMethodHandle'   'java/lang/invoke/DirectMethodHandle'   
 - arrays:            'java/lang/invoke/MethodHandle'[]
 - methods:           Array<T>(0x00000008006a6f10)
 - method ordering:   Array<T>(0x00000008006a70e8)
 - default_methods:   Array<T>(0x0000000000000000)
 - local interfaces:  Array<T>(0x00000008006a5810)
 - trans. interfaces: Array<T>(0x00000008006a5810)
 - constants:         constant pool [718] {0x00000008006a5820} for 'java/lang/invoke/MethodHandle' cache=0x00000008003eb990
 - class loader data:  loader data: 0x00007fbe42039810 of 'bootstrap'
 - source file:       'MethodHandle.java'
 - class annotations:       Array<T>(0x0000000000000000)
 - class type annotations:  Array<T>(0x0000000000000000)
 - field annotations:       Array<T>(0x0000000000000000)
 - field type annotations:  Array<T>(0x0000000000000000)
 - inner classes:     Array<T>(0x00000008006a6ed8)
 - nest members:     Array<T>(0x00000008006a71d8)
 - permitted subclasses:     Array<T>(0x00000008005c6e60)
 - java mirror:       a 'java/lang/Class'{0x00000007ffe05db0} = 'java/lang/invoke/MethodHandle'
 - vtable length      41  (start addr: 0x000000080009c2f0)
 - itable length      5 (start addr: 0x000000080009c438)
 - ---- static fields (3 words):
 - private static final 'FORM_OFFSET' 'J' @112 
 - private static final 'UPDATE_OFFSET' 'J' @120 
 - static final synthetic '$assertionsDisabled' 'Z' @128 
 - ---- non-static fields (5 words):
 - private 'customizationCount' 'B' @12 
 - private volatile 'updateInProgress' 'Z' @13 
 - private final 'type' 'Ljava/lang/invoke/MethodType;' @16 
 - final 'form' 'Ljava/lang/invoke/LambdaForm;' @20 
 - private 'asTypeCache' 'Ljava/lang/invoke/MethodHandle;' @24 
 - private 'asTypeSoftCache' 'Ljava/lang/ref/SoftReference;' @28 
 - non-static oop maps: 16-28 
RBX=0x0000000000000002 is an unknown value
RCX=0x00000008000c4058 is pointing into metadata
RDX=0x0000000000146e40 is an unknown value
RSP=0x00007ff7b8c20118 is pointing into the stack for thread: 0x00007fbe42958e00
RBP=0x00007ff7b8c20160 is pointing into the stack for thread: 0x00007fbe42958e00
RSI=0x0000000000000004 is an unknown value
RDI=0x00007ff7b8c20148 is pointing into the stack for thread: 0x00007fbe42958e00
R8 ={method} {0x00000008000c44b8} 'linkToTargetMethod' '(Ljava/lang/Object;)Ljava/lang/Object;' in 'java/lang/invoke/Invokers$Holder'
R9 =0x00000000fffffffe is an unknown value
R10=0x000000010d135dc0: _ZN19TemplateInterpreter13_active_tableE+0x4000 in /usr/local/Cellar/openjdk/18.0.2.1/libexec/openjdk.jdk/Contents/Home/lib/server/libjvm.dylib at 0x000000010c684000
R11=0x000000011ae9cd60 is at entry_point+32 in (nmethod*)0x000000011ae9cb90
Compiled method (c1)     521  541       3       java.lang.ref.SoftReference::get (29 bytes)
 total in heap  [0x000000011ae9cb90,0x000000011ae9cf60] = 976
 relocation     [0x000000011ae9ccf0,0x000000011ae9cd28] = 56
 main code      [0x000000011ae9cd40,0x000000011ae9cee0] = 416
 stub code      [0x000000011ae9cee0,0x000000011ae9cf10] = 48
 metadata       [0x000000011ae9cf10,0x000000011ae9cf18] = 8
 scopes data    [0x000000011ae9cf18,0x000000011ae9cf28] = 16
 scopes pcs     [0x000000011ae9cf28,0x000000011ae9cf58] = 48
 dependencies   [0x000000011ae9cf58,0x000000011ae9cf60] = 8
R12=0x0 is NULL
R13=0x00000008006e2e41 is pointing into metadata
R14=0x00007ff7b8c20170 is pointing into the stack for thread: 0x00007fbe42958e00
R15=0x00007fbe42958e00 is a thread


Registers:
RAX=0x000000080009c138, RBX=0x0000000000000002, RCX=0x00000008000c4058, RDX=0x0000000000146e40
RSP=0x00007ff7b8c20118, RBP=0x00007ff7b8c20160, RSI=0x0000000000000004, RDI=0x00007ff7b8c20148
R8 =0x00000008000c44b8, R9 =0x00000000fffffffe, R10=0x000000010d135dc0, R11=0x000000011ae9cd60
R12=0x0000000000000000, R13=0x00000008006e2e41, R14=0x00007ff7b8c20170, R15=0x00007fbe42958e00
RIP=0x000000011a86c2e0, EFLAGS=0x0000000000010246, ERR=0x0000000000000004
  TRAPNO=0x000000000000000e

Top of Stack: (sp=0x00007ff7b8c20118)
0x00007ff7b8c20118:   00007ff7b8c20118 00000008006e2e40
0x00007ff7b8c20128:   00007ff7b8c20170 00000008000c3dd0
0x00007ff7b8c20138:   0000000000000000 00000007ffe06e88
0x00007ff7b8c20148:   00000008000c44b8 0000000000000000
0x00007ff7b8c20158:   00007ff7b8c20170 00007ff7b8c201c0
0x00007ff7b8c20168:   000000011a85aa18 0000000000146e40
0x00007ff7b8c20178:   00007ff7b8c20178 000000012c0dd7d4
0x00007ff7b8c20188:   00007ff7b8c201c8 000000012c120338
0x00007ff7b8c20198:   0000000000000000 00000007877c8888
0x00007ff7b8c201a8:   000000012c0dd7f0 00007ff7b8c20170
0x00007ff7b8c201b8:   00007ff7b8c201d0 00007ff7b8c20230
0x00007ff7b8c201c8:   000000011a851cc9 e2af142600001fa5
0x00007ff7b8c201d8:   00007fbe42958e00 00007ff7b8c20328
0x00007ff7b8c201e8:   00007ff7b8c20330 00007ff7b8c20360
0x00007ff7b8c201f8:   0000000000000000 00007ff7b8c20288
0x00007ff7b8c20208:   00007ff7b8c20330 000000000000000a
0x00007ff7b8c20218:   000000012c0dd7f0 000000011a85d4c0
0x00007ff7b8c20228:   00007ff7b8c20368 00007ff7b8c20310
0x00007ff7b8c20238:   000000010ca66686 0000000000000000
0x00007ff7b8c20248:   00007fbe42958e00 00007fbe42958e00
0x00007ff7b8c20258:   00007fbe42068450 00007fbe42068490
0x00007ff7b8c20268:   00007fbe420684d8 00007fbe42068578
0x00007ff7b8c20278:   00000000000000d8 00007ff7b8c20448
0x00007ff7b8c20288:   00007fbe42958e00 00007fbe42068f70
0x00007ff7b8c20298:   000000012c0dd7f0 0000000000000000
0x00007ff7b8c202a8:   00007ff7b8c207b8 000000011a86ad26
0x00007ff7b8c202b8:   00007ff7b8c20800 00007ff7b8c20328
0x00007ff7b8c202c8:   000000012c0db800 000000011a85d4c0
0x00007ff7b8c202d8:   000000000000000e 0000000a42958e00
0x00007ff7b8c202e8:   000000012c0dd7f0 00007fbe4433e2e6
0x00007ff7b8c202f8:   00007fbe42958e00 00007fbe42958e00
0x00007ff7b8c20308:   0000000800c27c48 00007ff7b8c20430 

Instructions: (pc=0x000000011a86c2e0)
0x000000011a86c1e0:   60 02 00 00 00 00 00 00 e2 bd f3 0c 01 00 00 00
0x000000011a86c1f0:   c0 00 00 00 00 00 00 00 00 00 00 00 00 00 00 00
0x000000011a86c200:   58 48 85 c0 0f 84 e9 01 00 00 48 8b 4d e8 48 8b
0x000000011a86c210:   49 08 48 8b 49 08 48 8b 51 08 41 0f b7 5d 01 0f
0x000000011a86c220:   cb c1 eb 10 80 7c 1a 04 07 0f 84 a0 00 00 00 50
0x000000011a86c230:   e8 05 00 00 00 e9 80 00 00 00 48 8d 44 24 08 4c
0x000000011a86c240:   89 6d c0 49 8b ff c5 f8 77 49 89 af 80 02 00 00
0x000000011a86c250:   49 89 87 70 02 00 00 f7 c4 0f 00 00 00 0f 84 12
0x000000011a86c260:   00 00 00 48 83 ec 08 e8 48 37 1f f2 48 83 c4 08
0x000000011a86c270:   e9 05 00 00 00 e8 3a 37 1f f2 49 c7 87 70 02 00
0x000000011a86c280:   00 00 00 00 00 49 c7 87 80 02 00 00 00 00 00 00
0x000000011a86c290:   49 c7 87 78 02 00 00 00 00 00 00 c5 f8 77 49 81
0x000000011a86c2a0:   7f 08 00 00 00 00 0f 84 05 00 00 00 e9 4f 59 fe
0x000000011a86c2b0:   ff 4c 8b 6d c0 4c 8b 75 c8 c3 49 8b 87 d0 02 00
0x000000011a86c2c0:   00 49 c7 87 d0 02 00 00 00 00 00 00 5a eb 11 48
0x000000011a86c2d0:   8b d0 66 8b 5c d9 48 48 8b 49 28 48 8b 44 d9 08
0x000000011a86c2e0:   8b 5a 08 49 ba 00 00 00 00 08 00 00 00 49 03 da
0x000000011a86c2f0:   48 8b 4d d8 48 85 c9 0f 84 8a 00 00 00 48 8b 79
0x000000011a86c300:   18 48 3b fb 0f 85 0f 00 00 00 48 83 41 20 01 48
0x000000011a86c310:   83 59 20 00 e9 66 00 00 00 48 85 ff 0f 84 37 00
0x000000011a86c320:   00 00 48 8b 79 28 48 3b fb 0f 85 0f 00 00 00 48
0x000000011a86c330:   83 41 30 01 48 83 59 30 00 e9 41 00 00 00 48 85
0x000000011a86c340:   ff 0f 85 38 00 00 00 48 89 59 28 bf 01 00 00 00
0x000000011a86c350:   48 89 79 30 e9 26 00 00 00 48 3b 59 28 0f 85 0f
0x000000011a86c360:   00 00 00 48 83 41 30 01 48 83 59 30 00 e9 0d 00
0x000000011a86c370:   00 00 48 89 59 18 bf 01 00 00 00 48 89 79 20 48
0x000000011a86c380:   83 c1 38 48 89 4d d8 48 3b d8 0f 84 5b 00 00 00
0x000000011a86c390:   8b 48 14 48 3b 04 0b 0f 84 4e 00 00 00 83 f9 20
0x000000011a86c3a0:   0f 85 22 00 00 00 50 48 8b c0 57 48 8b 7b 28 8b
0x000000011a86c3b0:   0f 48 83 c7 08 48 85 c0 f2 48 af 5f 58 75 09 48
0x000000011a86c3c0:   89 43 20 e9 23 00 00 00 48 8b 4d d8 48 85 c9 0f
0x000000011a86c3d0:   84 10 00 00 00 48 83 41 d0 ff 0f 88 05 00 00 00 


Stack slot to memory mapping:
stack at sp + 0 slots: 0x00007ff7b8c20118 is pointing into the stack for thread: 0x00007fbe42958e00
stack at sp + 1 slots: 0x00000008006e2e40 is pointing into metadata
stack at sp + 2 slots: 0x00007ff7b8c20170 is pointing into the stack for thread: 0x00007fbe42958e00
stack at sp + 3 slots: 0x00000008000c3dd0 is pointing into metadata
stack at sp + 4 slots: 0x0 is NULL
stack at sp + 5 slots: 0x00000007ffe06e88 is an oop: java.lang.Class 
{0x00000007ffe06e88} - klass: 'java/lang/Class'
 - ---- fields (total size 14 words):
 - private volatile transient 'classRedefinedCount' 'I' @12  0
 - abstract internal 'klass' 'J' @16  34360540016 (c3b70 8)
 - abstract internal 'array_klass' 'J' @24  0 (0 0)
 - abstract internal 'oop_size' 'I' @32  14 (e)
 - abstract internal 'static_oop_field_count' 'I' @36  0
 - private volatile transient 'cachedConstructor' 'Ljava/lang/reflect/Constructor;' @40  NULL (0)
 - private transient 'name' 'Ljava/lang/String;' @44  NULL (0)
 - private transient 'module' 'Ljava/lang/Module;' @48  a 'java/lang/Module'{0x0000000787f36518} (f0fe6ca3)
 - private final 'classLoader' 'Ljava/lang/ClassLoader;' @52  NULL (0)
 - private transient 'classData' 'Ljava/lang/Object;' @56  NULL (0)
 - private transient 'packageName' 'Ljava/lang/String;' @60  NULL (0)
 - private final 'componentType' 'Ljava/lang/Class;' @64  NULL (0)
 - private volatile transient 'reflectionData' 'Ljava/lang/ref/SoftReference;' @68  NULL (0)
 - private volatile transient 'genericInfo' 'Lsun/reflect/generics/repository/ClassRepository;' @72  NULL (0)
 - private volatile transient 'enumConstants' '[Ljava/lang/Object;' @76  NULL (0)
 - private volatile transient 'enumConstantDirectory' 'Ljava/util/Map;' @80  NULL (0)
 - private volatile transient 'annotationData' 'Ljava/lang/Class$AnnotationData;' @84  NULL (0)
 - private volatile transient 'annotationType' 'Lsun/reflect/annotation/AnnotationType;' @88  NULL (0)
 - transient 'classValueMap' 'Ljava/lang/ClassValue$ClassValueMap;' @92  NULL (0)
 - abstract internal 'protection_domain' 'Ljava/lang/Object;' @96  NULL (0)
 - abstract internal 'signers_name' 'Ljava/lang/Object;' @100  NULL (0)
 - abstract internal 'source_file' 'Ljava/lang/Object;' @104  NULL (0)
 - signature: Ljava/lang/invoke/Invokers$Holder;
 - ---- static fields (0):
stack at sp + 6 slots: {method} {0x00000008000c44b8} 'linkToTargetMethod' '(Ljava/lang/Object;)Ljava/lang/Object;' in 'java/lang/invoke/Invokers$Holder'
stack at sp + 7 slots: 0x0 is NULL

checkcast  192 checkcast  [0x000000011a86c200, 0x000000011a86c440]  576 bytes
[MachCode]
  0x000000011a86c200: 5848 85c0 | 0f84 e901 | 0000 488b | 4de8 488b | 4908 488b | 4908 488b | 5108 410f | b75d 010f 
  0x000000011a86c220: cbc1 eb10 | 807c 1a04 | 070f 84a0 | 0000 0050 | e805 0000 | 00e9 8000 | 0000 488d | 4424 084c 
  0x000000011a86c240: 896d c049 | 8bff c5f8 | 7749 89af | 8002 0000 | 4989 8770 | 0200 00f7 | c40f 0000 | 000f 8412 
  0x000000011a86c260: 0000 0048 | 83ec 08e8 | 4837 1ff2 | 4883 c408 | e905 0000 | 00e8 3a37 | 1ff2 49c7 | 8770 0200 
  0x000000011a86c280: 0000 0000 | 0049 c787 | 8002 0000 | 0000 0000 | 49c7 8778 | 0200 0000 | 0000 00c5 | f877 4981 
  0x000000011a86c2a0: 7f08 0000 | 0000 0f84 | 0500 0000 | e94f 59fe | ff4c 8b6d | c04c 8b75 | c8c3 498b | 87d0 0200 
  0x000000011a86c2c0: 0049 c787 | d002 0000 | 0000 0000 | 5aeb 1148 | 8bd0 668b | 5cd9 4848 | 8b49 2848 | 8b44 d908 
  0x000000011a86c2e0: 8b5a 0849 | ba00 0000 | 0008 0000 | 0049 03da | 488b 4dd8 | 4885 c90f | 848a 0000 | 0048 8b79 
  0x000000011a86c300: 1848 3bfb | 0f85 0f00 | 0000 4883 | 4120 0148 | 8359 2000 | e966 0000 | 0048 85ff | 0f84 3700 
  0x000000011a86c320: 0000 488b | 7928 483b | fb0f 850f | 0000 0048 | 8341 3001 | 4883 5930 | 00e9 4100 | 0000 4885 
  0x000000011a86c340: ff0f 8538 | 0000 0048 | 8959 28bf | 0100 0000 | 4889 7930 | e926 0000 | 0048 3b59 | 280f 850f 
  0x000000011a86c360: 0000 0048 | 8341 3001 | 4883 5930 | 00e9 0d00 | 0000 4889 | 5918 bf01 | 0000 0048 | 8979 2048 
  0x000000011a86c380: 83c1 3848 | 894d d848 | 3bd8 0f84 | 5b00 0000 | 8b48 1448 | 3b04 0b0f | 844e 0000 | 0083 f920 
  0x000000011a86c3a0: 0f85 2200 | 0000 5048 | 8bc0 5748 | 8b7b 288b | 0f48 83c7 | 0848 85c0 | f248 af5f | 5875 0948 
  0x000000011a86c3c0: 8943 20e9 | 2300 0000 | 488b 4dd8 | 4885 c90f | 8410 0000 | 0048 8341 | d0ff 0f88 | 0500 0000 
  0x000000011a86c3e0: 4883 41d0 | 0152 e9a7 | 0eff ff48 | 8bc2 e919 | 0000 0048 | 8b4d d848 | 85c9 0f84 | 0c00 0000 
  0x000000011a86c400: 8049 0101 | 4883 c138 | 4889 4dd8 | 410f b65d | 0349 83c5 | 0349 bac0 | 5d13 0d01 | 0000 0041 
  0x000000011a86c420: ff24 da0f | 1f44 0000 | 0000 0000 | 0000 0000 | 0000 0000 | 0000 0000 | 0000 0000 | 0000 0000 
[/MachCode]

---------------  P R O C E S S  ---------------

Threads class SMR info:
_java_thread_list=0x00007fbe443763c0, length=14, elements={
0x00007fbe41808600, 0x00007fbe4283c800, 0x00007fbe4283f000, 0x00007fbe4183e600,
0x00007fbe42841600, 0x00007fbe42841c00, 0x00007fbe42842200, 0x00007fbe4300a200,
0x00007fbe44810200, 0x00007fbe4480b600, 0x00007fbe41843800, 0x00007fbe41808c00,
0x00007fbe41919c00, 0x00007fbe42958e00
}

Java Threads: ( => current thread )
  0x00007fbe41808600 JavaThread "main" [_thread_blocked, id=6915, stack(0x0000700006031000,0x0000700006131000)]
  0x00007fbe4283c800 JavaThread "Reference Handler" daemon [_thread_blocked, id=15875, stack(0x0000700006746000,0x0000700006846000)]
  0x00007fbe4283f000 JavaThread "Finalizer" daemon [_thread_blocked, id=16899, stack(0x0000700006849000,0x0000700006949000)]
  0x00007fbe4183e600 JavaThread "Signal Dispatcher" daemon [_thread_blocked, id=22787, stack(0x0000700006a52000,0x0000700006b52000)]
  0x00007fbe42841600 JavaThread "Service Thread" daemon [_thread_blocked, id=23043, stack(0x0000700006b55000,0x0000700006c55000)]
  0x00007fbe42841c00 JavaThread "Monitor Deflation Thread" daemon [_thread_blocked, id=23555, stack(0x0000700006c58000,0x0000700006d58000)]
  0x00007fbe42842200 JavaThread "C2 CompilerThread0" daemon [_thread_blocked, id=24067, stack(0x0000700006d5b000,0x0000700006e5b000)]
  0x00007fbe4300a200 JavaThread "C1 CompilerThread0" daemon [_thread_blocked, id=24323, stack(0x0000700006e5e000,0x0000700006f5e000)]
  0x00007fbe44810200 JavaThread "Sweeper thread" daemon [_thread_blocked, id=41731, stack(0x0000700006f61000,0x0000700007061000)]
  0x00007fbe4480b600 JavaThread "Common-Cleaner" daemon [_thread_blocked, id=25091, stack(0x0000700007064000,0x0000700007164000)]
  0x00007fbe41843800 JavaThread "Notification Thread" daemon [_thread_blocked, id=25603, stack(0x0000700007167000,0x0000700007267000)]
  0x00007fbe41808c00 JavaThread "QuantumRenderer-0" daemon [_thread_blocked, id=26115, stack(0x000070000736d000,0x000070000746d000)]
  0x00007fbe41919c00 JavaThread "InvokeLaterDispatcher" daemon [_thread_blocked, id=38411, stack(0x0000700007470000,0x0000700007570000)]
=>0x00007fbe42958e00 JavaThread "Thread-1" [_thread_in_Java, id=259, stack(0x00007ff7b8425000,0x00007ff7b8c25000)]

Other Threads:
  0x00007fbe41723410 VMThread "VM Thread" [stack: 0x0000700006643000,0x0000700006743000] [id=15107]
  0x00007fbe417361f0 WatcherThread "VM Periodic Task Thread" [stack: 0x000070000726a000,0x000070000736a000] [id=25859]
  0x00007fbe4171eaf0 WorkerThread "GC Thread#0" [stack: 0x0000700006134000,0x0000700006234000] [id=19715]
  0x00007fbe4171f970 ConcurrentGCThread "G1 Main Marker" [stack: 0x0000700006237000,0x0000700006337000] [id=19459]
  0x00007fbe417206c0 WorkerThread "G1 Conc#0" [stack: 0x000070000633a000,0x000070000643a000] [id=12803]
  0x00007fbe42034530 ConcurrentGCThread "G1 Refine#0" [stack: 0x000070000643d000,0x000070000653d000] [id=13315]
  0x00007fbe42035290 ConcurrentGCThread "G1 Service" [stack: 0x0000700006540000,0x0000700006640000] [id=18435]

Threads with active compile tasks:

VM state: not at safepoint (normal execution)

VM Mutex/Monitor currently owned by a thread: None

Heap address: 0x0000000780000000, size: 2048 MB, Compressed Oops mode: Zero based, Oop shift amount: 3

CDS archive(s) mapped at: [0x0000000800000000-0x0000000800ba4000-0x0000000800ba4000), size 12206080, SharedBaseAddress: 0x0000000800000000, ArchiveRelocationMode: 0.
Compressed class space mapped at: 0x0000000800c00000-0x0000000840c00000, reserved size: 1073741824
Narrow klass base: 0x0000000800000000, Narrow klass shift: 0, Narrow klass range: 0x100000000

GC Precious Log:
 CardTable entry size: 512
 Card Set container configuration: InlinePtr #cards 5 size 8 Array Of Cards #cards 12 size 40 Howl #buckets 4 coarsen threshold 1843 Howl Bitmap #cards 512 size 80 coarsen threshold 460 Card regions per heap region 1 cards per card region 2048
 CPUs: 8 total, 8 available
 Memory: 8192M
 Large Page Support: Disabled
 NUMA Support: Disabled
 Compressed Oops: Enabled (Zero based)
 Heap Region Size: 1M
 Heap Min Capacity: 8M
 Heap Initial Capacity: 128M
 Heap Max Capacity: 2G
 Pre-touch: Disabled
 Parallel Workers: 8
 Concurrent Workers: 2
 Concurrent Refinement Workers: 8
 Periodic GC: Disabled

Heap:
 garbage-first heap   total 133120K, used 10136K [0x0000000780000000, 0x0000000800000000)
  region size 1024K, 11 young (11264K), 0 survivors (0K)
 Metaspace       used 2943K, committed 3200K, reserved 1114112K
  class space    used 320K, committed 448K, reserved 1048576K

Heap Regions: E=young(eden), S=young(survivor), O=old, HS=humongous(starts), HC=humongous(continues), CS=collection set, F=free, OA=open archive, CA=closed archive, TAMS=top-at-mark-start (previous, next)
|   0|0x0000000780000000, 0x0000000780000000, 0x0000000780100000|  0%| F|  |TAMS 0x0000000780000000, 0x0000000780000000| Untracked 
|   1|0x0000000780100000, 0x0000000780100000, 0x0000000780200000|  0%| F|  |TAMS 0x0000000780100000, 0x0000000780100000| Untracked 
|   2|0x0000000780200000, 0x0000000780200000, 0x0000000780300000|  0%| F|  |TAMS 0x0000000780200000, 0x0000000780200000| Untracked 
|   3|0x0000000780300000, 0x0000000780300000, 0x0000000780400000|  0%| F|  |TAMS 0x0000000780300000, 0x0000000780300000| Untracked 
|   4|0x0000000780400000, 0x0000000780400000, 0x0000000780500000|  0%| F|  |TAMS 0x0000000780400000, 0x0000000780400000| Untracked 
|   5|0x0000000780500000, 0x0000000780500000, 0x0000000780600000|  0%| F|  |TAMS 0x0000000780500000, 0x0000000780500000| Untracked 
|   6|0x0000000780600000, 0x0000000780600000, 0x0000000780700000|  0%| F|  |TAMS 0x0000000780600000, 0x0000000780600000| Untracked 
|   7|0x0000000780700000, 0x0000000780700000, 0x0000000780800000|  0%| F|  |TAMS 0x0000000780700000, 0x0000000780700000| Untracked 
|   8|0x0000000780800000, 0x0000000780800000, 0x0000000780900000|  0%| F|  |TAMS 0x0000000780800000, 0x0000000780800000| Untracked 
|   9|0x0000000780900000, 0x0000000780900000, 0x0000000780a00000|  0%| F|  |TAMS 0x0000000780900000, 0x0000000780900000| Untracked 
|  10|0x0000000780a00000, 0x0000000780a00000, 0x0000000780b00000|  0%| F|  |TAMS 0x0000000780a00000, 0x0000000780a00000| Untracked 
|  11|0x0000000780b00000, 0x0000000780b00000, 0x0000000780c00000|  0%| F|  |TAMS 0x0000000780b00000, 0x0000000780b00000| Untracked 
|  12|0x0000000780c00000, 0x0000000780c00000, 0x0000000780d00000|  0%| F|  |TAMS 0x0000000780c00000, 0x0000000780c00000| Untracked 
|  13|0x0000000780d00000, 0x0000000780d00000, 0x0000000780e00000|  0%| F|  |TAMS 0x0000000780d00000, 0x0000000780d00000| Untracked 
|  14|0x0000000780e00000, 0x0000000780e00000, 0x0000000780f00000|  0%| F|  |TAMS 0x0000000780e00000, 0x0000000780e00000| Untracked 
|  15|0x0000000780f00000, 0x0000000780f00000, 0x0000000781000000|  0%| F|  |TAMS 0x0000000780f00000, 0x0000000780f00000| Untracked 
|  16|0x0000000781000000, 0x0000000781000000, 0x0000000781100000|  0%| F|  |TAMS 0x0000000781000000, 0x0000000781000000| Untracked 
|  17|0x0000000781100000, 0x0000000781100000, 0x0000000781200000|  0%| F|  |TAMS 0x0000000781100000, 0x0000000781100000| Untracked 
|  18|0x0000000781200000, 0x0000000781200000, 0x0000000781300000|  0%| F|  |TAMS 0x0000000781200000, 0x0000000781200000| Untracked 
|  19|0x0000000781300000, 0x0000000781300000, 0x0000000781400000|  0%| F|  |TAMS 0x0000000781300000, 0x0000000781300000| Untracked 
|  20|0x0000000781400000, 0x0000000781400000, 0x0000000781500000|  0%| F|  |TAMS 0x0000000781400000, 0x0000000781400000| Untracked 
|  21|0x0000000781500000, 0x0000000781500000, 0x0000000781600000|  0%| F|  |TAMS 0x0000000781500000, 0x0000000781500000| Untracked 
|  22|0x0000000781600000, 0x0000000781600000, 0x0000000781700000|  0%| F|  |TAMS 0x0000000781600000, 0x0000000781600000| Untracked 
|  23|0x0000000781700000, 0x0000000781700000, 0x0000000781800000|  0%| F|  |TAMS 0x0000000781700000, 0x0000000781700000| Untracked 
|  24|0x0000000781800000, 0x0000000781800000, 0x0000000781900000|  0%| F|  |TAMS 0x0000000781800000, 0x0000000781800000| Untracked 
|  25|0x0000000781900000, 0x0000000781900000, 0x0000000781a00000|  0%| F|  |TAMS 0x0000000781900000, 0x0000000781900000| Untracked 
|  26|0x0000000781a00000, 0x0000000781a00000, 0x0000000781b00000|  0%| F|  |TAMS 0x0000000781a00000, 0x0000000781a00000| Untracked 
|  27|0x0000000781b00000, 0x0000000781b00000, 0x0000000781c00000|  0%| F|  |TAMS 0x0000000781b00000, 0x0000000781b00000| Untracked 
|  28|0x0000000781c00000, 0x0000000781c00000, 0x0000000781d00000|  0%| F|  |TAMS 0x0000000781c00000, 0x0000000781c00000| Untracked 
|  29|0x0000000781d00000, 0x0000000781d00000, 0x0000000781e00000|  0%| F|  |TAMS 0x0000000781d00000, 0x0000000781d00000| Untracked 
|  30|0x0000000781e00000, 0x0000000781e00000, 0x0000000781f00000|  0%| F|  |TAMS 0x0000000781e00000, 0x0000000781e00000| Untracked 
|  31|0x0000000781f00000, 0x0000000781f00000, 0x0000000782000000|  0%| F|  |TAMS 0x0000000781f00000, 0x0000000781f00000| Untracked 
|  32|0x0000000782000000, 0x0000000782000000, 0x0000000782100000|  0%| F|  |TAMS 0x0000000782000000, 0x0000000782000000| Untracked 
|  33|0x0000000782100000, 0x0000000782100000, 0x0000000782200000|  0%| F|  |TAMS 0x0000000782100000, 0x0000000782100000| Untracked 
|  34|0x0000000782200000, 0x0000000782200000, 0x0000000782300000|  0%| F|  |TAMS 0x0000000782200000, 0x0000000782200000| Untracked 
|  35|0x0000000782300000, 0x0000000782300000, 0x0000000782400000|  0%| F|  |TAMS 0x0000000782300000, 0x0000000782300000| Untracked 
|  36|0x0000000782400000, 0x0000000782400000, 0x0000000782500000|  0%| F|  |TAMS 0x0000000782400000, 0x0000000782400000| Untracked 
|  37|0x0000000782500000, 0x0000000782500000, 0x0000000782600000|  0%| F|  |TAMS 0x0000000782500000, 0x0000000782500000| Untracked 
|  38|0x0000000782600000, 0x0000000782600000, 0x0000000782700000|  0%| F|  |TAMS 0x0000000782600000, 0x0000000782600000| Untracked 
|  39|0x0000000782700000, 0x0000000782700000, 0x0000000782800000|  0%| F|  |TAMS 0x0000000782700000, 0x0000000782700000| Untracked 
|  40|0x0000000782800000, 0x0000000782800000, 0x0000000782900000|  0%| F|  |TAMS 0x0000000782800000, 0x0000000782800000| Untracked 
|  41|0x0000000782900000, 0x0000000782900000, 0x0000000782a00000|  0%| F|  |TAMS 0x0000000782900000, 0x0000000782900000| Untracked 
|  42|0x0000000782a00000, 0x0000000782a00000, 0x0000000782b00000|  0%| F|  |TAMS 0x0000000782a00000, 0x0000000782a00000| Untracked 
|  43|0x0000000782b00000, 0x0000000782b00000, 0x0000000782c00000|  0%| F|  |TAMS 0x0000000782b00000, 0x0000000782b00000| Untracked 
|  44|0x0000000782c00000, 0x0000000782c00000, 0x0000000782d00000|  0%| F|  |TAMS 0x0000000782c00000, 0x0000000782c00000| Untracked 
|  45|0x0000000782d00000, 0x0000000782d00000, 0x0000000782e00000|  0%| F|  |TAMS 0x0000000782d00000, 0x0000000782d00000| Untracked 
|  46|0x0000000782e00000, 0x0000000782e00000, 0x0000000782f00000|  0%| F|  |TAMS 0x0000000782e00000, 0x0000000782e00000| Untracked 
|  47|0x0000000782f00000, 0x0000000782f00000, 0x0000000783000000|  0%| F|  |TAMS 0x0000000782f00000, 0x0000000782f00000| Untracked 
|  48|0x0000000783000000, 0x0000000783000000, 0x0000000783100000|  0%| F|  |TAMS 0x0000000783000000, 0x0000000783000000| Untracked 
|  49|0x0000000783100000, 0x0000000783100000, 0x0000000783200000|  0%| F|  |TAMS 0x0000000783100000, 0x0000000783100000| Untracked 
|  50|0x0000000783200000, 0x0000000783200000, 0x0000000783300000|  0%| F|  |TAMS 0x0000000783200000, 0x0000000783200000| Untracked 
|  51|0x0000000783300000, 0x0000000783300000, 0x0000000783400000|  0%| F|  |TAMS 0x0000000783300000, 0x0000000783300000| Untracked 
|  52|0x0000000783400000, 0x0000000783400000, 0x0000000783500000|  0%| F|  |TAMS 0x0000000783400000, 0x0000000783400000| Untracked 
|  53|0x0000000783500000, 0x0000000783500000, 0x0000000783600000|  0%| F|  |TAMS 0x0000000783500000, 0x0000000783500000| Untracked 
|  54|0x0000000783600000, 0x0000000783600000, 0x0000000783700000|  0%| F|  |TAMS 0x0000000783600000, 0x0000000783600000| Untracked 
|  55|0x0000000783700000, 0x0000000783700000, 0x0000000783800000|  0%| F|  |TAMS 0x0000000783700000, 0x0000000783700000| Untracked 
|  56|0x0000000783800000, 0x0000000783800000, 0x0000000783900000|  0%| F|  |TAMS 0x0000000783800000, 0x0000000783800000| Untracked 
|  57|0x0000000783900000, 0x0000000783900000, 0x0000000783a00000|  0%| F|  |TAMS 0x0000000783900000, 0x0000000783900000| Untracked 
|  58|0x0000000783a00000, 0x0000000783a00000, 0x0000000783b00000|  0%| F|  |TAMS 0x0000000783a00000, 0x0000000783a00000| Untracked 
|  59|0x0000000783b00000, 0x0000000783b00000, 0x0000000783c00000|  0%| F|  |TAMS 0x0000000783b00000, 0x0000000783b00000| Untracked 
|  60|0x0000000783c00000, 0x0000000783c00000, 0x0000000783d00000|  0%| F|  |TAMS 0x0000000783c00000, 0x0000000783c00000| Untracked 
|  61|0x0000000783d00000, 0x0000000783d00000, 0x0000000783e00000|  0%| F|  |TAMS 0x0000000783d00000, 0x0000000783d00000| Untracked 
|  62|0x0000000783e00000, 0x0000000783e00000, 0x0000000783f00000|  0%| F|  |TAMS 0x0000000783e00000, 0x0000000783e00000| Untracked 
|  63|0x0000000783f00000, 0x0000000783f00000, 0x0000000784000000|  0%| F|  |TAMS 0x0000000783f00000, 0x0000000783f00000| Untracked 
|  64|0x0000000784000000, 0x0000000784000000, 0x0000000784100000|  0%| F|  |TAMS 0x0000000784000000, 0x0000000784000000| Untracked 
|  65|0x0000000784100000, 0x0000000784100000, 0x0000000784200000|  0%| F|  |TAMS 0x0000000784100000, 0x0000000784100000| Untracked 
|  66|0x0000000784200000, 0x0000000784200000, 0x0000000784300000|  0%| F|  |TAMS 0x0000000784200000, 0x0000000784200000| Untracked 
|  67|0x0000000784300000, 0x0000000784300000, 0x0000000784400000|  0%| F|  |TAMS 0x0000000784300000, 0x0000000784300000| Untracked 
|  68|0x0000000784400000, 0x0000000784400000, 0x0000000784500000|  0%| F|  |TAMS 0x0000000784400000, 0x0000000784400000| Untracked 
|  69|0x0000000784500000, 0x0000000784500000, 0x0000000784600000|  0%| F|  |TAMS 0x0000000784500000, 0x0000000784500000| Untracked 
|  70|0x0000000784600000, 0x0000000784600000, 0x0000000784700000|  0%| F|  |TAMS 0x0000000784600000, 0x0000000784600000| Untracked 
|  71|0x0000000784700000, 0x0000000784700000, 0x0000000784800000|  0%| F|  |TAMS 0x0000000784700000, 0x0000000784700000| Untracked 
|  72|0x0000000784800000, 0x0000000784800000, 0x0000000784900000|  0%| F|  |TAMS 0x0000000784800000, 0x0000000784800000| Untracked 
|  73|0x0000000784900000, 0x0000000784900000, 0x0000000784a00000|  0%| F|  |TAMS 0x0000000784900000, 0x0000000784900000| Untracked 
|  74|0x0000000784a00000, 0x0000000784a00000, 0x0000000784b00000|  0%| F|  |TAMS 0x0000000784a00000, 0x0000000784a00000| Untracked 
|  75|0x0000000784b00000, 0x0000000784b00000, 0x0000000784c00000|  0%| F|  |TAMS 0x0000000784b00000, 0x0000000784b00000| Untracked 
|  76|0x0000000784c00000, 0x0000000784c00000, 0x0000000784d00000|  0%| F|  |TAMS 0x0000000784c00000, 0x0000000784c00000| Untracked 
|  77|0x0000000784d00000, 0x0000000784d00000, 0x0000000784e00000|  0%| F|  |TAMS 0x0000000784d00000, 0x0000000784d00000| Untracked 
|  78|0x0000000784e00000, 0x0000000784e00000, 0x0000000784f00000|  0%| F|  |TAMS 0x0000000784e00000, 0x0000000784e00000| Untracked 
|  79|0x0000000784f00000, 0x0000000784f00000, 0x0000000785000000|  0%| F|  |TAMS 0x0000000784f00000, 0x0000000784f00000| Untracked 
|  80|0x0000000785000000, 0x0000000785000000, 0x0000000785100000|  0%| F|  |TAMS 0x0000000785000000, 0x0000000785000000| Untracked 
|  81|0x0000000785100000, 0x0000000785100000, 0x0000000785200000|  0%| F|  |TAMS 0x0000000785100000, 0x0000000785100000| Untracked 
|  82|0x0000000785200000, 0x0000000785200000, 0x0000000785300000|  0%| F|  |TAMS 0x0000000785200000, 0x0000000785200000| Untracked 
|  83|0x0000000785300000, 0x0000000785300000, 0x0000000785400000|  0%| F|  |TAMS 0x0000000785300000, 0x0000000785300000| Untracked 
|  84|0x0000000785400000, 0x0000000785400000, 0x0000000785500000|  0%| F|  |TAMS 0x0000000785400000, 0x0000000785400000| Untracked 
|  85|0x0000000785500000, 0x0000000785500000, 0x0000000785600000|  0%| F|  |TAMS 0x0000000785500000, 0x0000000785500000| Untracked 
|  86|0x0000000785600000, 0x0000000785600000, 0x0000000785700000|  0%| F|  |TAMS 0x0000000785600000, 0x0000000785600000| Untracked 
|  87|0x0000000785700000, 0x0000000785700000, 0x0000000785800000|  0%| F|  |TAMS 0x0000000785700000, 0x0000000785700000| Untracked 
|  88|0x0000000785800000, 0x0000000785800000, 0x0000000785900000|  0%| F|  |TAMS 0x0000000785800000, 0x0000000785800000| Untracked 
|  89|0x0000000785900000, 0x0000000785900000, 0x0000000785a00000|  0%| F|  |TAMS 0x0000000785900000, 0x0000000785900000| Untracked 
|  90|0x0000000785a00000, 0x0000000785a00000, 0x0000000785b00000|  0%| F|  |TAMS 0x0000000785a00000, 0x0000000785a00000| Untracked 
|  91|0x0000000785b00000, 0x0000000785b00000, 0x0000000785c00000|  0%| F|  |TAMS 0x0000000785b00000, 0x0000000785b00000| Untracked 
|  92|0x0000000785c00000, 0x0000000785c00000, 0x0000000785d00000|  0%| F|  |TAMS 0x0000000785c00000, 0x0000000785c00000| Untracked 
|  93|0x0000000785d00000, 0x0000000785d00000, 0x0000000785e00000|  0%| F|  |TAMS 0x0000000785d00000, 0x0000000785d00000| Untracked 
|  94|0x0000000785e00000, 0x0000000785e00000, 0x0000000785f00000|  0%| F|  |TAMS 0x0000000785e00000, 0x0000000785e00000| Untracked 
|  95|0x0000000785f00000, 0x0000000785f00000, 0x0000000786000000|  0%| F|  |TAMS 0x0000000785f00000, 0x0000000785f00000| Untracked 
|  96|0x0000000786000000, 0x0000000786000000, 0x0000000786100000|  0%| F|  |TAMS 0x0000000786000000, 0x0000000786000000| Untracked 
|  97|0x0000000786100000, 0x0000000786100000, 0x0000000786200000|  0%| F|  |TAMS 0x0000000786100000, 0x0000000786100000| Untracked 
|  98|0x0000000786200000, 0x0000000786200000, 0x0000000786300000|  0%| F|  |TAMS 0x0000000786200000, 0x0000000786200000| Untracked 
|  99|0x0000000786300000, 0x0000000786300000, 0x0000000786400000|  0%| F|  |TAMS 0x0000000786300000, 0x0000000786300000| Untracked 
| 100|0x0000000786400000, 0x0000000786400000, 0x0000000786500000|  0%| F|  |TAMS 0x0000000786400000, 0x0000000786400000| Untracked 
| 101|0x0000000786500000, 0x0000000786500000, 0x0000000786600000|  0%| F|  |TAMS 0x0000000786500000, 0x0000000786500000| Untracked 
| 102|0x0000000786600000, 0x0000000786600000, 0x0000000786700000|  0%| F|  |TAMS 0x0000000786600000, 0x0000000786600000| Untracked 
| 103|0x0000000786700000, 0x0000000786700000, 0x0000000786800000|  0%| F|  |TAMS 0x0000000786700000, 0x0000000786700000| Untracked 
| 104|0x0000000786800000, 0x0000000786800000, 0x0000000786900000|  0%| F|  |TAMS 0x0000000786800000, 0x0000000786800000| Untracked 
| 105|0x0000000786900000, 0x0000000786900000, 0x0000000786a00000|  0%| F|  |TAMS 0x0000000786900000, 0x0000000786900000| Untracked 
| 106|0x0000000786a00000, 0x0000000786a00000, 0x0000000786b00000|  0%| F|  |TAMS 0x0000000786a00000, 0x0000000786a00000| Untracked 
| 107|0x0000000786b00000, 0x0000000786b00000, 0x0000000786c00000|  0%| F|  |TAMS 0x0000000786b00000, 0x0000000786b00000| Untracked 
| 108|0x0000000786c00000, 0x0000000786c00000, 0x0000000786d00000|  0%| F|  |TAMS 0x0000000786c00000, 0x0000000786c00000| Untracked 
| 109|0x0000000786d00000, 0x0000000786d00000, 0x0000000786e00000|  0%| F|  |TAMS 0x0000000786d00000, 0x0000000786d00000| Untracked 
| 110|0x0000000786e00000, 0x0000000786e00000, 0x0000000786f00000|  0%| F|  |TAMS 0x0000000786e00000, 0x0000000786e00000| Untracked 
| 111|0x0000000786f00000, 0x0000000786f00000, 0x0000000787000000|  0%| F|  |TAMS 0x0000000786f00000, 0x0000000786f00000| Untracked 
| 112|0x0000000787000000, 0x0000000787000000, 0x0000000787100000|  0%| F|  |TAMS 0x0000000787000000, 0x0000000787000000| Untracked 
| 113|0x0000000787100000, 0x0000000787100000, 0x0000000787200000|  0%| F|  |TAMS 0x0000000787100000, 0x0000000787100000| Untracked 
| 114|0x0000000787200000, 0x0000000787200000, 0x0000000787300000|  0%| F|  |TAMS 0x0000000787200000, 0x0000000787200000| Untracked 
| 115|0x0000000787300000, 0x0000000787300000, 0x0000000787400000|  0%| F|  |TAMS 0x0000000787300000, 0x0000000787300000| Untracked 
| 116|0x0000000787400000, 0x0000000787400000, 0x0000000787500000|  0%| F|  |TAMS 0x0000000787400000, 0x0000000787400000| Untracked 
| 117|0x0000000787500000, 0x00000007875ec280, 0x0000000787600000| 92%| E|  |TAMS 0x0000000787500000, 0x0000000787500000| Complete 
| 118|0x0000000787600000, 0x0000000787700000, 0x0000000787700000|100%| E|CS|TAMS 0x0000000787600000, 0x0000000787600000| Complete 
| 119|0x0000000787700000, 0x0000000787800000, 0x0000000787800000|100%| E|CS|TAMS 0x0000000787700000, 0x0000000787700000| Complete 
| 120|0x0000000787800000, 0x0000000787900000, 0x0000000787900000|100%| E|CS|TAMS 0x0000000787800000, 0x0000000787800000| Complete 
| 121|0x0000000787900000, 0x0000000787a00000, 0x0000000787a00000|100%| E|CS|TAMS 0x0000000787900000, 0x0000000787900000| Complete 
| 122|0x0000000787a00000, 0x0000000787b00000, 0x0000000787b00000|100%| E|CS|TAMS 0x0000000787a00000, 0x0000000787a00000| Complete 
| 123|0x0000000787b00000, 0x0000000787c00000, 0x0000000787c00000|100%| E|CS|TAMS 0x0000000787b00000, 0x0000000787b00000| Complete 
| 124|0x0000000787c00000, 0x0000000787d00000, 0x0000000787d00000|100%| E|  |TAMS 0x0000000787c00000, 0x0000000787c00000| Complete 
| 125|0x0000000787d00000, 0x0000000787e00000, 0x0000000787e00000|100%| E|CS|TAMS 0x0000000787d00000, 0x0000000787d00000| Complete 
| 126|0x0000000787e00000, 0x0000000787f00000, 0x0000000787f00000|100%| E|CS|TAMS 0x0000000787e00000, 0x0000000787e00000| Complete 
| 127|0x0000000787f00000, 0x0000000788000000, 0x0000000788000000|100%| E|CS|TAMS 0x0000000787f00000, 0x0000000787f00000| Complete 
|2046|0x00000007ffe00000, 0x00000007ffe74000, 0x00000007fff00000| 45%|OA|  |TAMS 0x00000007ffe00000, 0x00000007ffe00000| Untracked 
|2047|0x00000007fff00000, 0x00000007fff72000, 0x0000000800000000| 44%|CA|  |TAMS 0x00000007fff00000, 0x00000007fff00000| Untracked 

Card table byte_map: [0x000000010bc00000,0x000000010c000000] _byte_map_base: 0x0000000108000000

Marking Bits (Prev, Next): (CMBitMap*) 0x00007fbe4182d410, (CMBitMap*) 0x00007fbe4182d450
 Prev Bits: [0x000000010d558000, 0x000000010f558000)
 Next Bits: [0x000000010f558000, 0x0000000111558000)

Polling page: 0x000000010741a000

Metaspace:

Usage:
  Non-class:      2.56 MB used.
      Class:    320.39 KB used.
       Both:      2.87 MB used.

Virtual space:
  Non-class space:       64.00 MB reserved,       2.69 MB (  4%) committed,  1 nodes.
      Class space:        1.00 GB reserved,     448.00 KB ( <1%) committed,  1 nodes.
             Both:        1.06 GB reserved,       3.12 MB ( <1%) committed. 

Chunk freelists:
   Non-Class:  2.86 MB
       Class:  3.55 MB
        Both:  6.41 MB

MaxMetaspaceSize: unlimited
CompressedClassSpaceSize: 1.00 GB
Initial GC threshold: 21.00 MB
Current GC threshold: 21.00 MB
CDS: on
MetaspaceReclaimPolicy: balanced
 - commit_granule_bytes: 65536.
 - commit_granule_words: 8192.
 - virtual_space_node_default_size: 8388608.
 - enlarge_chunks_in_place: 1.
 - new_chunks_are_fully_committed: 0.
 - uncommit_free_chunks: 1.
 - use_allocation_guard: 0.


Internal statistics:

num_allocs_failed_limit: 0.
num_arena_births: 94.
num_arena_deaths: 0.
num_vsnodes_births: 2.
num_vsnodes_deaths: 0.
num_space_committed: 50.
num_space_uncommitted: 0.
num_chunks_returned_to_freelist: 0.
num_chunks_taken_from_freelist: 163.
num_chunk_merges: 0.
num_chunk_splits: 109.
num_chunks_enlarged: 76.
num_inconsistent_stats: 0.

CodeHeap 'non-profiled nmethods': size=120028Kb used=200Kb max_used=200Kb free=119827Kb
 bounds [0x000000012231a000, 0x000000012258a000, 0x0000000129851000]
CodeHeap 'profiled nmethods': size=120028Kb used=953Kb max_used=953Kb free=119075Kb
 bounds [0x000000011ade3000, 0x000000011b053000, 0x000000012231a000]
CodeHeap 'non-nmethods': size=5704Kb used=1185Kb max_used=1201Kb free=4518Kb
 bounds [0x000000011a851000, 0x000000011aac1000, 0x000000011ade3000]
 total_blobs=1122 nmethods=647 adapters=389
 compilation: enabled
              stopped_count=0, restarted_count=0
 full_count=0

Compilation events (20 events):
Event: 0.347 Thread 0x00007fbe4300a200  639       3       sun.security.provider.DigestBase::implCompressMultiBlock0 (23 bytes)
Event: 0.347 Thread 0x00007fbe4300a200 nmethod 639 0x000000011aecdd90 code [0x000000011aecdf40, 0x000000011aece1e0]
Event: 0.347 Thread 0x00007fbe42842200 nmethod 637 0x000000012234a410 code [0x000000012234a5a0, 0x000000012234a6b8]
Event: 0.347 Thread 0x00007fbe42842200  638       4       sun.security.provider.MD5::implCompress0 (1407 bytes)
Event: 0.354 Thread 0x00007fbe4300a200  641       3       jdk.internal.org.objectweb.asm.Attribute::computeAttributesSize (62 bytes)
Event: 0.354 Thread 0x00007fbe4300a200 nmethod 641 0x000000011aece310 code [0x000000011aece4e0, 0x000000011aece800]
Event: 0.354 Thread 0x00007fbe4300a200  642       3       jdk.internal.org.objectweb.asm.AnnotationWriter::computeAnnotationsSize (66 bytes)
Event: 0.354 Thread 0x00007fbe4300a200 nmethod 642 0x000000011aece990 code [0x000000011aeceb80, 0x000000011aeceeb0]
Event: 0.354 Thread 0x00007fbe4300a200  644       3       java.lang.invoke.MethodType::changeReturnType (20 bytes)
Event: 0.355 Thread 0x00007fbe4300a200 nmethod 644 0x000000011aecf090 code [0x000000011aecf240, 0x000000011aecf400]
Event: 0.355 Thread 0x00007fbe4300a200  643       3       jdk.internal.org.objectweb.asm.Attribute::putAttributes (78 bytes)
Event: 0.355 Thread 0x00007fbe4300a200 nmethod 643 0x000000011aecf490 code [0x000000011aecf6e0, 0x000000011aecfbf0]
Event: 0.355 Thread 0x00007fbe4300a200  645       1       java.lang.invoke.InfoFromMemberName::getReferenceKind (5 bytes)
Event: 0.355 Thread 0x00007fbe4300a200 nmethod 645 0x000000012234a810 code [0x000000012234a9a0, 0x000000012234aa70]
Event: 0.362 Thread 0x00007fbe42842200 nmethod 638 0x000000012234ab10 code [0x000000012234aca0, 0x000000012234b978]
Event: 0.362 Thread 0x00007fbe42842200  640       4       java.lang.invoke.VarHandle::checkExactAccessMode (28 bytes)
Event: 0.364 Thread 0x00007fbe42842200 nmethod 640 0x000000012234bc10 code [0x000000012234bda0, 0x000000012234c028]
Event: 0.403 Thread 0x00007fbe4300a200  646       3       java.util.ArrayDeque::pollFirst (36 bytes)
Event: 0.403 Thread 0x00007fbe4300a200 nmethod 646 0x000000011aecfe90 code [0x000000011aed0060, 0x000000011aed0470]
Event: 0.481 Thread 0x00007fbe4300a200  647       3       jdk.internal.org.objectweb.asm.MethodVisitor::<init> (88 bytes)

GC Heap History (0 events):
No events

Deoptimization events (10 events):
Event: 0.082 Thread 0x00007fbe41808600 Uncommon trap: trap_request=0xffffff45 fr.pc=0x00000001223251a0 relative=0x0000000000000080
Event: 0.082 Thread 0x00007fbe41808600 Uncommon trap: reason=unstable_if action=reinterpret pc=0x00000001223251a0 method=java.lang.CharacterDataLatin1.isJavaIdentifierPart(I)Z @ 11 c2
Event: 0.082 Thread 0x00007fbe41808600 DEOPT PACKING pc=0x00000001223251a0 sp=0x000070000612f480
Event: 0.082 Thread 0x00007fbe41808600 DEOPT UNPACKING pc=0x000000011a8a3099 sp=0x000070000612f418 mode 2
Event: 0.121 Thread 0x00007fbe41808600 DEOPT PACKING pc=0x000000011ae22bbf sp=0x0000700006129300
Event: 0.121 Thread 0x00007fbe41808600 DEOPT UNPACKING pc=0x000000011a8a382f sp=0x00007000061287b0 mode 0
Event: 0.208 Thread 0x00007fbe41808c00 Uncommon trap: trap_request=0xffffff45 fr.pc=0x0000000122329d7c relative=0x00000000000006bc
Event: 0.208 Thread 0x00007fbe41808c00 Uncommon trap: reason=unstable_if action=reinterpret pc=0x0000000122329d7c method=jdk.internal.module.Checks.isJavaIdentifier(Ljava/lang/String;)Z @ 4 c2
Event: 0.208 Thread 0x00007fbe41808c00 DEOPT PACKING pc=0x0000000122329d7c sp=0x000070000746bca0
Event: 0.208 Thread 0x00007fbe41808c00 DEOPT UNPACKING pc=0x000000011a8a3099 sp=0x000070000746bc60 mode 2

Classes loaded (20 events):
Event: 0.223 Loading class java/lang/constant/DirectMethodHandleDesc$1
Event: 0.223 Loading class java/lang/constant/DirectMethodHandleDesc$1 done
Event: 0.223 Loading class java/lang/constant/PrimitiveClassDescImpl
Event: 0.223 Loading class java/lang/constant/DynamicConstantDesc
Event: 0.223 Loading class java/lang/constant/DynamicConstantDesc done
Event: 0.223 Loading class java/lang/constant/PrimitiveClassDescImpl done
Event: 0.223 Loading class java/lang/constant/DynamicConstantDesc$AnonymousDynamicConstantDesc
Event: 0.223 Loading class java/lang/constant/DynamicConstantDesc$AnonymousDynamicConstantDesc done
Event: 0.229 Loading class sun/security/provider/ByteArrayAccess
Event: 0.229 Loading class sun/security/provider/ByteArrayAccess done
Event: 0.330 Loading class java/util/concurrent/locks/AbstractQueuedSynchronizer$ConditionNode
Event: 0.330 Loading class java/util/concurrent/ForkJoinPool$ManagedBlocker
Event: 0.330 Loading class java/util/concurrent/ForkJoinPool$ManagedBlocker done
Event: 0.330 Loading class java/util/concurrent/locks/AbstractQueuedSynchronizer$ConditionNode done
Event: 0.353 Loading class java/util/concurrent/BlockingDeque
Event: 0.353 Loading class java/util/concurrent/BlockingDeque done
Event: 0.353 Loading class java/util/concurrent/LinkedBlockingDeque
Event: 0.354 Loading class java/util/concurrent/LinkedBlockingDeque done
Event: 0.480 Loading class java/util/concurrent/LinkedBlockingDeque$Node
Event: 0.480 Loading class java/util/concurrent/LinkedBlockingDeque$Node done

Classes unloaded (0 events):
No events

Classes redefined (0 events):
No events

Internal exceptions (9 events):
Event: 0.056 Thread 0x00007fbe41808600 Exception <a 'java/lang/NoSuchMethodError'{0x0000000787f68428}: 'void java.lang.invoke.DirectMethodHandle$Holder.invokeVirtual(java.lang.Object, java.lang.Object)'> (0x0000000787f68428) 
thrown [src/hotspot/share/interpreter/linkResolver.cpp, line 759]
Event: 0.111 Thread 0x00007fbe41808600 Exception <a 'java/lang/NoSuchMethodError'{0x0000000787cee4f8}: 'java.lang.Object java.lang.invoke.DirectMethodHandle$Holder.invokeStaticInit(java.lang.Object)'> (0x0000000787cee4f8) 
thrown [src/hotspot/share/interpreter/linkResolver.cpp, line 759]
Event: 0.112 Thread 0x00007fbe41808600 Exception <a 'java/lang/NoSuchMethodError'{0x0000000787cf40e0}: 'void java.lang.invoke.DirectMethodHandle$Holder.invokeStatic(java.lang.Object, java.lang.Object, java.lang.Object, java.lang.Object)'> (0x0000000787cf40e0) 
thrown [src/hotspot/share/interpreter/linkResolver.cpp, line 759]
Event: 0.112 Thread 0x00007fbe41808600 Exception <a 'java/lang/NoSuchMethodError'{0x0000000787cf8290}: 'void java.lang.invoke.DirectMethodHandle$Holder.invokeSpecial(java.lang.Object, java.lang.Object, java.lang.Object, java.lang.Object, java.lang.Object)'> (0x0000000787cf8290) 
thrown [src/hotspot/share/interpreter/linkResolver.cpp, line 759]
Event: 0.116 Thread 0x00007fbe41808600 Exception <a 'java/lang/NoSuchMethodError'{0x0000000787b5aad8}: 'java.lang.Object java.lang.invoke.Invokers$Holder.invokeExact_MT(java.lang.Object, java.lang.Object, java.lang.Object, java.lang.Object, java.lang.Object, java.lang.Object)'> (0x0000000787b5aad8) 
thrown [src/hotspot/share/interpreter/linkResolver.cpp, line 759]
Event: 0.118 Thread 0x00007fbe41808600 Exception <a 'java/lang/NoSuchMethodError'{0x0000000787b6eb00}: 'void java.lang.invoke.DirectMethodHandle$Holder.invokeStatic(java.lang.Object, java.lang.Object)'> (0x0000000787b6eb00) 
thrown [src/hotspot/share/interpreter/linkResolver.cpp, line 759]
Event: 0.181 Thread 0x00007fbe41808600 Exception <a 'java/lang/NoSuchMethodError'{0x00000007879fbbe8}: 'void java.lang.invoke.DirectMethodHandle$Holder.invokeSpecial(java.lang.Object, java.lang.Object, java.lang.Object)'> (0x00000007879fbbe8) 
thrown [src/hotspot/share/interpreter/linkResolver.cpp, line 759]
Event: 0.189 Thread 0x00007fbe41808600 Exception <a 'java/lang/NoSuchMethodError'{0x0000000787837e58}: 'void java.lang.invoke.DirectMethodHandle$Holder.invokeStatic(java.lang.Object, java.lang.Object, java.lang.Object)'> (0x0000000787837e58) 
thrown [src/hotspot/share/interpreter/linkResolver.cpp, line 759]
Event: 0.332 Thread 0x00007fbe41808600 Exception <a 'java/lang/NoSuchMethodError'{0x0000000787854888}: 'int java.lang.invoke.DirectMethodHandle$Holder.invokeStaticInit(java.lang.Object, java.lang.Object, java.lang.Object)'> (0x0000000787854888) 
thrown [src/hotspot/share/interpreter/linkResolver.cpp, line 759]

VM Operations (4 events):
Event: 0.094 Executing VM operation: HandshakeAllThreads
Event: 0.094 Executing VM operation: HandshakeAllThreads done
Event: 0.094 Executing VM operation: HandshakeAllThreads
Event: 0.094 Executing VM operation: HandshakeAllThreads done

Events (20 events):
Event: 0.045 Thread 0x00007fbe4480b600 Thread added: 0x00007fbe4480b600
Event: 0.045 Protecting memory [0x0000700007064000,0x0000700007068000] with protection modes 0
Event: 0.050 Loaded shared library /usr/local/Cellar/openjdk/18.0.2.1/libexec/openjdk.jdk/Contents/Home/lib/libnet.dylib
Event: 0.066 Loaded shared library /usr/local/Cellar/openjdk/18.0.2.1/libexec/openjdk.jdk/Contents/Home/lib/libzip.dylib
Event: 0.102 Thread 0x00007fbe41843800 Thread added: 0x00007fbe41843800
Event: 0.102 Protecting memory [0x0000700007167000,0x000070000716b000] with protection modes 0
Event: 0.190 Thread 0x00007fbe41808c00 Thread added: 0x00007fbe41808c00
Event: 0.190 Protecting memory [0x000070000736d000,0x0000700007371000] with protection modes 0
Event: 0.208 Loading shared library /Users/sondrealfnes/.m2/repository/org/openjfx/javafx-graphics/16/libprism_es2.dylib failed, dlopen(/Users/sondrealfnes/.m2/repository/org/openjfx/javafx-graphics/16/libprism_es2.dylib, 0x0001): tried: '/Users/sondrealfnes/.m2/repos
Event: 0.233 Loaded shared library /Users/sondrealfnes/.openjfx/cache/16/libprism_es2.dylib
Event: 0.342 Loading shared library /Users/sondrealfnes/.m2/repository/org/openjfx/javafx-graphics/16/libglass.dylib failed, dlopen(/Users/sondrealfnes/.m2/repository/org/openjfx/javafx-graphics/16/libglass.dylib, 0x0001): tried: '/Users/sondrealfnes/.m2/repository/or
Event: 0.352 Loaded shared library /Users/sondrealfnes/.openjfx/cache/16/libglass.dylib
Event: 0.354 Thread 0x00007fbe41919c00 Thread added: 0x00007fbe41919c00
Event: 0.354 Protecting memory [0x0000700007470000,0x0000700007474000] with protection modes 0
Event: 0.355 Protecting memory [0x00007ff7b8425000,0x00007ff7b8429000] with protection modes 0
Event: 0.355 Thread 0x00007fbe42958e00 Thread added: 0x00007fbe42958e00
Event: 0.403 Thread 0x00007fbe4295d600 Thread added: 0x00007fbe4295d600
Event: 0.405 Protecting memory [0x0000700007573000,0x0000700007577000] with protection modes 0
Event: 0.480 Protecting memory [0x0000700007573000,0x0000700007577000] with protection modes 3
Event: 0.480 Thread 0x00007fbe4295d600 Thread exited: 0x00007fbe4295d600


Dynamic libraries:
0x0000000107400000 	/usr/local/Cellar/openjdk/18.0.2.1/libexec/openjdk.jdk/Contents/Home/lib/libjli.dylib
0x00007ff8227f0000 	/usr/lib/libz.1.dylib
0x00007ff8228d0000 	/usr/lib/libSystem.B.dylib
0x00007ff8228cb000 	/usr/lib/system/libcache.dylib
0x00007ff822887000 	/usr/lib/system/libcommonCrypto.dylib
0x00007ff8228b0000 	/usr/lib/system/libcompiler_rt.dylib
0x00007ff8228a6000 	/usr/lib/system/libcopyfile.dylib
0x00007ff817867000 	/usr/lib/system/libcorecrypto.dylib
0x00007ff817925000 	/usr/lib/system/libdispatch.dylib
0x00007ff817ae5000 	/usr/lib/system/libdyld.dylib
0x00007ff8228c2000 	/usr/lib/system/libkeymgr.dylib
0x00007ff822865000 	/usr/lib/system/libmacho.dylib
0x00007ff821ee6000 	/usr/lib/system/libquarantine.dylib
0x00007ff8228c0000 	/usr/lib/system/libremovefile.dylib
0x00007ff81ca7c000 	/usr/lib/system/libsystem_asl.dylib
0x00007ff817810000 	/usr/lib/system/libsystem_blocks.dylib
0x00007ff8179a9000 	/usr/lib/system/libsystem_c.dylib
0x00007ff8228b8000 	/usr/lib/system/libsystem_collections.dylib
0x00007ff82119a000 	/usr/lib/system/libsystem_configuration.dylib
0x00007ff820447000 	/usr/lib/system/libsystem_containermanager.dylib
0x00007ff82259d000 	/usr/lib/system/libsystem_coreservices.dylib
0x00007ff81a120000 	/usr/lib/system/libsystem_darwin.dylib
0x00007ff8228c3000 	/usr/lib/system/libsystem_dnssd.dylib
0x00007ff8179a6000 	/usr/lib/system/libsystem_featureflags.dylib
0x00007ff817afb000 	/usr/lib/system/libsystem_info.dylib
0x00007ff822803000 	/usr/lib/system/libsystem_m.dylib
0x00007ff8178f9000 	/usr/lib/system/libsystem_malloc.dylib
0x00007ff81ca17000 	/usr/lib/system/libsystem_networkextension.dylib
0x00007ff81a546000 	/usr/lib/system/libsystem_notify.dylib
0x00007ff828b3c000 	/usr/lib/system/libsystem_product_info_filter.dylib
0x00007ff82119e000 	/usr/lib/system/libsystem_sandbox.dylib
0x00007ff8228bd000 	/usr/lib/system/libsystem_secinit.dylib
0x00007ff817aa1000 	/usr/lib/system/libsystem_kernel.dylib
0x00007ff817af1000 	/usr/lib/system/libsystem_platform.dylib
0x00007ff817ad9000 	/usr/lib/system/libsystem_pthread.dylib
0x00007ff81e2c8000 	/usr/lib/system/libsystem_symptoms.dylib
0x00007ff81784e000 	/usr/lib/system/libsystem_trace.dylib
0x00007ff822893000 	/usr/lib/system/libunwind.dylib
0x00007ff817812000 	/usr/lib/system/libxpc.dylib
0x00007ff817a8b000 	/usr/lib/libc++abi.dylib
0x00007ff81796c000 	/usr/lib/libobjc.A.dylib
0x00007ff82289e000 	/usr/lib/liboah.dylib
0x00007ff817a32000 	/usr/lib/libc++.1.dylib
0x00007ff82e93b000 	/System/Library/Frameworks/Cocoa.framework/Versions/A/Cocoa
0x00007ff81a5a4000 	/System/Library/Frameworks/AppKit.framework/Versions/C/AppKit
0x00007ff81dab7000 	/System/Library/Frameworks/CoreData.framework/Versions/A/CoreData
0x00007ff8189a8000 	/System/Library/Frameworks/Foundation.framework/Versions/C/Foundation
0x00007ff81b433000 	/System/Library/PrivateFrameworks/UIFoundation.framework/Versions/A/UIFoundation
0x00007ff82883f000 	/System/Library/PrivateFrameworks/RemoteViewServices.framework/Versions/A/RemoteViewServices
0x00007ff820b25000 	/System/Library/PrivateFrameworks/XCTTargetBootstrap.framework/Versions/A/XCTTargetBootstrap
0x00007ff8246d7000 	/System/Library/PrivateFrameworks/InternationalSupport.framework/Versions/A/InternationalSupport
0x00007ff824761000 	/System/Library/PrivateFrameworks/UserActivity.framework/Versions/A/UserActivity
0x00007ff823ab7000 	/usr/lib/libspindump.dylib
0x00007ff81b6c1000 	/System/Library/Frameworks/UniformTypeIdentifiers.framework/Versions/A/UniformTypeIdentifiers
0x00007ff81f24d000 	/usr/lib/libapp_launch_measurement.dylib
0x00007ff81e488000 	/System/Library/PrivateFrameworks/CoreAnalytics.framework/Versions/A/CoreAnalytics
0x00007ff81f250000 	/System/Library/PrivateFrameworks/CoreAutoLayout.framework/Versions/A/CoreAutoLayout
0x00007ff82047f000 	/System/Library/Frameworks/Metal.framework/Versions/A/Metal
0x00007ff8211aa000 	/usr/lib/liblangid.dylib
0x00007ff820b2a000 	/System/Library/PrivateFrameworks/CoreSVG.framework/Versions/A/CoreSVG
0x00007ff81caac000 	/System/Library/PrivateFrameworks/SkyLight.framework/Versions/A/SkyLight
0x00007ff81ce4a000 	/System/Library/Frameworks/CoreGraphics.framework/Versions/A/CoreGraphics
0x00007ff828eff000 	/System/Library/Frameworks/Accelerate.framework/Versions/A/Accelerate
0x00007ff823536000 	/System/Library/PrivateFrameworks/IconServices.framework/Versions/A/IconServices
0x00007ff820464000 	/System/Library/Frameworks/IOSurface.framework/Versions/A/IOSurface
0x00007ff81e4b6000 	/usr/lib/libDiagnosticMessagesClient.dylib
0x00007ff82c5df000 	/System/Library/Frameworks/ApplicationServices.framework/Versions/A/ApplicationServices
0x00007ff820b11000 	/System/Library/PrivateFrameworks/DFRFoundation.framework/Versions/A/DFRFoundation
0x00007ff819e8c000 	/usr/lib/libicucore.A.dylib
0x00007ff8254cc000 	/System/Library/Frameworks/AudioToolbox.framework/Versions/A/AudioToolbox
0x00007ff8246e3000 	/System/Library/PrivateFrameworks/DataDetectorsCore.framework/Versions/A/DataDetectorsCore
0x00007ff920bca000 	/System/Library/PrivateFrameworks/TextInput.framework/Versions/A/TextInput
0x00007ff81ca2f000 	/usr/lib/libMobileGestalt.dylib
0x00007ff82081d000 	/System/Library/Frameworks/Carbon.framework/Versions/A/Frameworks/HIToolbox.framework/Versions/A/HIToolbox
0x00007ff81ec53000 	/System/Library/Frameworks/QuartzCore.framework/Versions/A/QuartzCore
0x00007ff819b31000 	/System/Library/Frameworks/Security.framework/Versions/A/Security
0x00007ff828877000 	/System/Library/Frameworks/Carbon.framework/Versions/A/Frameworks/SpeechRecognition.framework/Versions/A/SpeechRecognition
0x00007ff81efad000 	/System/Library/PrivateFrameworks/CoreUI.framework/Versions/A/CoreUI
0x00007ff8193fc000 	/System/Library/Frameworks/CoreAudio.framework/Versions/A/CoreAudio
0x00007ff81e5a5000 	/System/Library/Frameworks/DiskArbitration.framework/Versions/A/DiskArbitration
0x00007ff823ea5000 	/System/Library/PrivateFrameworks/MultitouchSupport.framework/Versions/A/MultitouchSupport
0x00007ff81ca2e000 	/usr/lib/libenergytrace.dylib
0x00007ff81a490000 	/System/Library/Frameworks/IOKit.framework/Versions/A/IOKit
0x00007ff828c67000 	/System/Library/Frameworks/CoreServices.framework/Versions/A/CoreServices
0x00007ff81f1e7000 	/System/Library/PrivateFrameworks/PerformanceAnalysis.framework/Versions/A/PerformanceAnalysis
0x00007ffa308af000 	/System/Library/Frameworks/OpenGL.framework/Versions/A/OpenGL
0x00007ff821e0c000 	/System/Library/PrivateFrameworks/MobileKeyBag.framework/Versions/A/MobileKeyBag
0x00007ff81d516000 	/System/Library/Frameworks/ColorSync.framework/Versions/A/ColorSync
0x00007ff817b26000 	/System/Library/Frameworks/CoreFoundation.framework/Versions/A/CoreFoundation
0x00007ff820da0000 	/System/Library/Frameworks/CoreImage.framework/Versions/A/CoreImage
0x00007ff819210000 	/System/Library/Frameworks/CoreText.framework/Versions/A/CoreText
0x00007ff820b5a000 	/System/Library/Frameworks/ImageIO.framework/Versions/A/ImageIO
0x00007ff8228d6000 	/System/Library/PrivateFrameworks/SoftLinking.framework/Versions/A/SoftLinking
0x00007ff81f298000 	/usr/lib/libxml2.2.dylib
0x00007ff822b5a000 	/usr/lib/libcompression.dylib
0x00007ff82460a000 	/System/Library/PrivateFrameworks/TextureIO.framework/Versions/A/TextureIO
0x00007ff823248000 	/usr/lib/libate.dylib
0x00007ff823024000 	/usr/lib/liblzma.5.dylib
0x00007ff8186b7000 	/System/Library/Frameworks/SystemConfiguration.framework/Versions/A/SystemConfiguration
0x00007ff8228d2000 	/usr/lib/libfakelink.dylib
0x00007ff81c588000 	/System/Library/Frameworks/CFNetwork.framework/Versions/A/CFNetwork
0x00007ff822a13000 	/usr/lib/libarchive.2.dylib
0x00007ff8211a6000 	/System/Library/PrivateFrameworks/AppleSystemInfo.framework/Versions/A/AppleSystemInfo
0x00007ff821f0d000 	/usr/lib/libbsm.0.dylib
0x00007ff81bb97000 	/usr/lib/libnetwork.dylib
0x00007ff82286b000 	/usr/lib/system/libkxld.dylib
0x00007ff821b40000 	/System/Library/PrivateFrameworks/IOMobileFramebuffer.framework/Versions/A/IOMobileFramebuffer
0x00007ffb2fc83000 	/usr/lib/libCoreEntitlements.dylib
0x00007ff82257f000 	/System/Library/PrivateFrameworks/AppleFSCompression.framework/Versions/A/AppleFSCompression
0x00007ff821ef5000 	/usr/lib/libcoretls.dylib
0x00007ff82303e000 	/usr/lib/libcoretls_cfhelpers.dylib
0x00007ff822b55000 	/usr/lib/libpam.2.dylib
0x00007ff81dee8000 	/usr/lib/libsqlite3.dylib
0x00007ff8230ad000 	/usr/lib/libxar.1.dylib
0x00007ff82258f000 	/usr/lib/libbz2.1.0.dylib
0x00007ff8228d7000 	/usr/lib/libpcap.A.dylib
0x00007ff81e2c0000 	/usr/lib/libdns_services.dylib
0x00007ff822b25000 	/usr/lib/libapple_nghttp2.dylib
0x00007ff822911000 	/usr/lib/libiconv.2.dylib
0x00007ff822864000 	/usr/lib/libcharset.1.dylib
0x00007ff81f21b000 	/System/Library/Frameworks/CoreServices.framework/Versions/A/Frameworks/FSEvents.framework/Versions/A/FSEvents
0x00007ff81a12a000 	/System/Library/Frameworks/CoreServices.framework/Versions/A/Frameworks/CarbonCore.framework/Versions/A/CarbonCore
0x00007ff81e509000 	/System/Library/Frameworks/CoreServices.framework/Versions/A/Frameworks/Metadata.framework/Versions/A/Metadata
0x00007ff8225a2000 	/System/Library/Frameworks/CoreServices.framework/Versions/A/Frameworks/OSServices.framework/Versions/A/OSServices
0x00007ff822a9a000 	/System/Library/Frameworks/CoreServices.framework/Versions/A/Frameworks/SearchKit.framework/Versions/A/SearchKit
0x00007ff81e253000 	/System/Library/Frameworks/CoreServices.framework/Versions/A/Frameworks/AE.framework/Versions/A/AE
0x00007ff818029000 	/System/Library/Frameworks/CoreServices.framework/Versions/A/Frameworks/LaunchServices.framework/Versions/A/LaunchServices
0x00007ff822fd5000 	/System/Library/Frameworks/CoreServices.framework/Versions/A/Frameworks/DictionaryServices.framework/Versions/A/DictionaryServices
0x00007ff81f228000 	/System/Library/Frameworks/CoreServices.framework/Versions/A/Frameworks/SharedFileList.framework/Versions/A/SharedFileList
0x00007ff821ee9000 	/usr/lib/libCheckFix.dylib
0x00007ff81ca93000 	/System/Library/PrivateFrameworks/TCC.framework/Versions/A/TCC
0x00007ff8211ac000 	/System/Library/PrivateFrameworks/CoreNLP.framework/Versions/A/CoreNLP
0x00007ff81e4b9000 	/System/Library/PrivateFrameworks/MetadataUtilities.framework/Versions/A/MetadataUtilities
0x00007ff81876b000 	/usr/lib/libmecabra.dylib
0x00007ff821f1d000 	/usr/lib/libmecab.dylib
0x00007ff818736000 	/usr/lib/libCRFSuite.dylib
0x00007ff821f77000 	/usr/lib/libgermantok.dylib
0x00007ff822b00000 	/usr/lib/libThaiTokenizer.dylib
0x00007ff81e5ac000 	/System/Library/Frameworks/Accelerate.framework/Versions/A/Frameworks/vImage.framework/Versions/A/vImage
0x00007ff828c3e000 	/System/Library/Frameworks/Accelerate.framework/Versions/A/Frameworks/vecLib.framework/Versions/A/vecLib
0x00007ff8230ee000 	/System/Library/Frameworks/Accelerate.framework/Versions/A/Frameworks/vecLib.framework/Versions/A/libvMisc.dylib
0x00007ff82196b000 	/System/Library/Frameworks/Accelerate.framework/Versions/A/Frameworks/vecLib.framework/Versions/A/libvDSP.dylib
0x00007ff8183a7000 	/System/Library/Frameworks/Accelerate.framework/Versions/A/Frameworks/vecLib.framework/Versions/A/libBLAS.dylib
0x00007ff822c37000 	/System/Library/Frameworks/Accelerate.framework/Versions/A/Frameworks/vecLib.framework/Versions/A/libLAPACK.dylib
0x00007ff821f7a000 	/System/Library/Frameworks/Accelerate.framework/Versions/A/Frameworks/vecLib.framework/Versions/A/libLinearAlgebra.dylib
0x00007ff822b3d000 	/System/Library/Frameworks/Accelerate.framework/Versions/A/Frameworks/vecLib.framework/Versions/A/libSparseBLAS.dylib
0x00007ff822c31000 	/System/Library/Frameworks/Accelerate.framework/Versions/A/Frameworks/vecLib.framework/Versions/A/libQuadrature.dylib
0x00007ff821297000 	/System/Library/Frameworks/Accelerate.framework/Versions/A/Frameworks/vecLib.framework/Versions/A/libBNNS.dylib
0x00007ff818641000 	/System/Library/Frameworks/Accelerate.framework/Versions/A/Frameworks/vecLib.framework/Versions/A/libSparse.dylib
0x00007ff821290000 	/System/Library/PrivateFrameworks/LinguisticData.framework/Versions/A/LinguisticData
0x00007ff8185f7000 	/System/Library/PrivateFrameworks/Lexicon.framework/Versions/A/Lexicon
0x00007ff8230e7000 	/usr/lib/libChineseTokenizer.dylib
0x00007ff818d65000 	/System/Library/PrivateFrameworks/LanguageModeling.framework/Versions/A/LanguageModeling
0x00007ff822b02000 	/System/Library/PrivateFrameworks/AppleSauce.framework/Versions/A/AppleSauce
0x00007ff821b2e000 	/System/Library/PrivateFrameworks/CoreEmoji.framework/Versions/A/CoreEmoji
0x00007ff822a02000 	/usr/lib/libcmph.dylib
0x00007ff81f1ff000 	/System/Library/Frameworks/OpenDirectory.framework/Versions/A/Frameworks/CFOpenDirectory.framework/Versions/A/CFOpenDirectory
0x00007ff81f1f3000 	/System/Library/Frameworks/OpenDirectory.framework/Versions/A/OpenDirectory
0x00007ff823040000 	/System/Library/PrivateFrameworks/APFS.framework/Versions/A/APFS
0x00007ff821e44000 	/System/Library/Frameworks/SecurityFoundation.framework/Versions/A/SecurityFoundation
0x00007ff8230bb000 	/usr/lib/libutil.dylib
0x00007ff81a454000 	/System/Library/PrivateFrameworks/CoreServicesStore.framework/Versions/A/CoreServicesStore
0x00007ff8230bf000 	/usr/lib/libxslt.1.dylib
0x00007ff821ed1000 	/System/Library/PrivateFrameworks/BackgroundTaskManagement.framework/Versions/A/BackgroundTaskManagement
0x00007ff82452a000 	/System/Library/Frameworks/ImageIO.framework/Versions/A/Resources/libRadiance.dylib
0x00007ff824533000 	/System/Library/Frameworks/ImageIO.framework/Versions/A/Resources/libJPEG.dylib
0x00007ff824484000 	/System/Library/Frameworks/ImageIO.framework/Versions/A/Resources/libPng.dylib
0x00007ff8244a5000 	/System/Library/Frameworks/ImageIO.framework/Versions/A/Resources/libTIFF.dylib
0x00007ff824593000 	/System/Library/Frameworks/ImageIO.framework/Versions/A/Resources/libGIF.dylib
0x00007ff823dbf000 	/System/Library/Frameworks/ImageIO.framework/Versions/A/Resources/libJP2.dylib
0x00007ff8234fd000 	/usr/lib/libexpat.1.dylib
0x00007ff823d74000 	/System/Library/PrivateFrameworks/AppleJPEG.framework/Versions/A/AppleJPEG
0x00007ff8206e1000 	/System/Library/PrivateFrameworks/FontServices.framework/libFontParser.dylib
0x00007ff81e1fd000 	/System/Library/PrivateFrameworks/RunningBoardServices.framework/Versions/A/RunningBoardServices
0x00007ff82eef6000 	/System/Library/PrivateFrameworks/IOSurfaceAccelerator.framework/Versions/A/IOSurfaceAccelerator
0x00007ff823ea1000 	/System/Library/PrivateFrameworks/WatchdogClient.framework/Versions/A/WatchdogClient
0x00007ff818e53000 	/System/Library/Frameworks/CoreDisplay.framework/Versions/A/CoreDisplay
0x00007ff8205df000 	/System/Library/Frameworks/CoreMedia.framework/Versions/A/CoreMedia
0x00007ff820476000 	/System/Library/PrivateFrameworks/IOAccelerator.framework/Versions/A/IOAccelerator
0x00007ff81f37c000 	/System/Library/Frameworks/CoreVideo.framework/Versions/A/CoreVideo
0x00007ff822b53000 	/System/Library/Frameworks/MetalPerformanceShaders.framework/Versions/A/MetalPerformanceShaders
0x00007ff823ede000 	/System/Library/Frameworks/VideoToolbox.framework/Versions/A/VideoToolbox
0x00007ff81e147000 	/System/Library/PrivateFrameworks/BaseBoard.framework/Versions/A/BaseBoard
0x00007ff81dece000 	/System/Library/PrivateFrameworks/ProtocolBuffer.framework/Versions/A/ProtocolBuffer
0x00007ff824523000 	/System/Library/PrivateFrameworks/GPUWrangler.framework/Versions/A/GPUWrangler
0x00007ff824507000 	/System/Library/PrivateFrameworks/IOPresentment.framework/Versions/A/IOPresentment
0x00007ff82452d000 	/System/Library/PrivateFrameworks/DSExternalDisplay.framework/Versions/A/DSExternalDisplay
0x00007ffa308a3000 	/System/Library/Frameworks/OpenGL.framework/Versions/A/Libraries/libCoreFSCache.dylib
0x00007ffb1d3a7000 	/System/Library/PrivateFrameworks/GPUCompiler.framework/Versions/31001/Libraries/libGPUCompilerUtils.dylib
0x00007ff824598000 	/System/Library/PrivateFrameworks/CMCaptureCore.framework/Versions/A/CMCaptureCore
0x00007ff823aa5000 	/System/Library/PrivateFrameworks/AppServerSupport.framework/Versions/A/AppServerSupport
0x00007ff825d64000 	/System/Library/PrivateFrameworks/perfdata.framework/Versions/A/perfdata
0x00007ff818f7f000 	/System/Library/PrivateFrameworks/AudioToolboxCore.framework/Versions/A/AudioToolboxCore
0x00007ff8205bd000 	/System/Library/PrivateFrameworks/caulk.framework/Versions/A/caulk
0x00007ff825676000 	/usr/lib/libAudioStatistics.dylib
0x00007ff91d36d000 	/System/Library/PrivateFrameworks/SystemPolicy.framework/Versions/A/SystemPolicy
0x00007ff8258d1000 	/usr/lib/libSMC.dylib
0x00007ff82e7ee000 	/System/Library/Frameworks/CoreMIDI.framework/Versions/A/CoreMIDI
0x00007ff824453000 	/usr/lib/libAudioToolboxUtility.dylib
0x00007ff9195a2000 	/System/Library/PrivateFrameworks/OSAServicesClient.framework/Versions/A/OSAServicesClient
0x00007ff825d71000 	/usr/lib/libperfcheck.dylib
0x00007ff91de17000 	/usr/lib/libmis.dylib
0x00007ffa308fe000 	/System/Library/Frameworks/OpenGL.framework/Versions/A/Libraries/libGLU.dylib
0x00007ffa308c2000 	/System/Library/Frameworks/OpenGL.framework/Versions/A/Libraries/libGFXShared.dylib
0x00007ffa30acb000 	/System/Library/Frameworks/OpenGL.framework/Versions/A/Libraries/libGL.dylib
0x00007ffa308cb000 	/System/Library/Frameworks/OpenGL.framework/Versions/A/Libraries/libGLImage.dylib
0x00007ffa308bf000 	/System/Library/Frameworks/OpenGL.framework/Versions/A/Libraries/libCVMSPluginSupport.dylib
0x00007ffa308aa000 	/System/Library/Frameworks/OpenGL.framework/Versions/A/Libraries/libCoreVMClient.dylib
0x00007ff821128000 	/System/Library/Frameworks/MetalPerformanceShaders.framework/Versions/A/Frameworks/MPSCore.framework/Versions/A/MPSCore
0x00007ff8224ea000 	/System/Library/Frameworks/MetalPerformanceShaders.framework/Versions/A/Frameworks/MPSImage.framework/Versions/A/MPSImage
0x00007ff821f90000 	/System/Library/Frameworks/MetalPerformanceShaders.framework/Versions/A/Frameworks/MPSNeuralNetwork.framework/Versions/A/MPSNeuralNetwork
0x00007ff822404000 	/System/Library/Frameworks/MetalPerformanceShaders.framework/Versions/A/Frameworks/MPSMatrix.framework/Versions/A/MPSMatrix
0x00007ff8221bf000 	/System/Library/Frameworks/MetalPerformanceShaders.framework/Versions/A/Frameworks/MPSRayIntersector.framework/Versions/A/MPSRayIntersector
0x00007ff82243c000 	/System/Library/Frameworks/MetalPerformanceShaders.framework/Versions/A/Frameworks/MPSNDArray.framework/Versions/A/MPSNDArray
0x00007ffa35ac5000 	/System/Library/Frameworks/MetalPerformanceShaders.framework/Versions/A/Frameworks/MPSFunctions.framework/Versions/A/MPSFunctions
0x00007ff818280000 	/System/Library/PrivateFrameworks/MetalTools.framework/Versions/A/MetalTools
0x00007ff8211a4000 	/System/Library/PrivateFrameworks/AggregateDictionary.framework/Versions/A/AggregateDictionary
0x00007ff8232df000 	/usr/lib/libIOReport.dylib
0x00007ffa31eda000 	/System/Library/Frameworks/OpenCL.framework/Versions/A/OpenCL
0x00007ff823643000 	/System/Library/PrivateFrameworks/FaceCore.framework/Versions/A/FaceCore
0x00007ff823634000 	/System/Library/PrivateFrameworks/GraphVisualizer.framework/Versions/A/GraphVisualizer
0x00007ffb1d2b2000 	/System/Library/PrivateFrameworks/FontServices.framework/Versions/A/FontServices
0x00007ff823a5d000 	/System/Library/PrivateFrameworks/OTSVG.framework/Versions/A/OTSVG
0x00007ff81ef63000 	/System/Library/Frameworks/ApplicationServices.framework/Versions/A/Frameworks/ATS.framework/Versions/A/Resources/libFontRegistry.dylib
0x00007ff823aad000 	/System/Library/PrivateFrameworks/FontServices.framework/libhvf.dylib
0x00007ffb1d2b3000 	/System/Library/PrivateFrameworks/FontServices.framework/libXTFontStaticRegistryData.dylib
0x00007ff8234ad000 	/System/Library/PrivateFrameworks/AppleVA.framework/Versions/A/AppleVA
0x00007ff825696000 	/System/Library/Frameworks/ApplicationServices.framework/Versions/A/Frameworks/ATS.framework/Versions/A/ATS
0x00007ff81d614000 	/System/Library/Frameworks/ApplicationServices.framework/Versions/A/Frameworks/HIServices.framework/Versions/A/HIServices
0x00007ff8245a2000 	/System/Library/Frameworks/ApplicationServices.framework/Versions/A/Frameworks/PrintCore.framework/Versions/A/PrintCore
0x00007ff825a24000 	/System/Library/Frameworks/ApplicationServices.framework/Versions/A/Frameworks/QD.framework/Versions/A/QD
0x00007ff825a1c000 	/System/Library/Frameworks/ApplicationServices.framework/Versions/A/Frameworks/ColorSyncLegacy.framework/Versions/A/ColorSyncLegacy
0x00007ff825686000 	/System/Library/Frameworks/ApplicationServices.framework/Versions/A/Frameworks/SpeechSynthesis.framework/Versions/A/SpeechSynthesis
0x00007ff824563000 	/System/Library/Frameworks/ApplicationServices.framework/Versions/A/Frameworks/ATSUI.framework/Versions/A/ATSUI
0x00007ff8259b1000 	/usr/lib/libcups.2.dylib
0x00007ff825d80000 	/System/Library/Frameworks/Kerberos.framework/Versions/A/Kerberos
0x00007ff825d8f000 	/System/Library/Frameworks/GSS.framework/Versions/A/GSS
0x00007ff825702000 	/usr/lib/libresolv.9.dylib
0x00007ff823abc000 	/System/Library/PrivateFrameworks/Heimdal.framework/Versions/A/Heimdal
0x00007ff82c971000 	/System/Library/Frameworks/Kerberos.framework/Versions/A/Libraries/libHeimdalProxy.dylib
0x00007ff81e2d0000 	/System/Library/Frameworks/Network.framework/Versions/A/Network
0x00007ff823517000 	/usr/lib/libheimdal-asn1.dylib
0x00007ff825dda000 	/System/Library/PrivateFrameworks/CommonAuth.framework/Versions/A/CommonAuth
0x00007ff825608000 	/System/Library/PrivateFrameworks/AudioSession.framework/Versions/A/AudioSession
0x00007ff8235a7000 	/System/Library/PrivateFrameworks/MediaExperience.framework/Versions/A/MediaExperience
0x00007ff82549b000 	/System/Library/PrivateFrameworks/AudioSession.framework/libSessionUtility.dylib
0x00007ff825a30000 	/System/Library/PrivateFrameworks/AudioResourceArbitration.framework/Versions/A/AudioResourceArbitration
0x00007ff829ab1000 	/System/Library/PrivateFrameworks/PowerLog.framework/Versions/A/PowerLog
0x00007ff823520000 	/System/Library/PrivateFrameworks/IconFoundation.framework/Versions/A/IconFoundation
0x00007ff828867000 	/System/Library/PrivateFrameworks/SpeechRecognitionCore.framework/Versions/A/SpeechRecognitionCore
0x000000010c684000 	/usr/local/Cellar/openjdk/18.0.2.1/libexec/openjdk.jdk/Contents/Home/lib/server/libjvm.dylib
0x0000000107424000 	/usr/local/Cellar/openjdk/18.0.2.1/libexec/openjdk.jdk/Contents/Home/lib/libjimage.dylib
0x0000000107499000 	/usr/local/Cellar/openjdk/18.0.2.1/libexec/openjdk.jdk/Contents/Home/lib/libjava.dylib
0x0000000107737000 	/usr/local/Cellar/openjdk/18.0.2.1/libexec/openjdk.jdk/Contents/Home/lib/libnio.dylib
0x000000010774f000 	/usr/local/Cellar/openjdk/18.0.2.1/libexec/openjdk.jdk/Contents/Home/lib/libnet.dylib
0x0000000107763000 	/usr/local/Cellar/openjdk/18.0.2.1/libexec/openjdk.jdk/Contents/Home/lib/libzip.dylib
0x0000000107773000 	/Users/sondrealfnes/.openjfx/cache/16/libprism_es2.dylib
0x00007ff81a416000 	/System/Library/PrivateFrameworks/CoreServicesInternal.framework/Versions/A/CoreServicesInternal
0x00007ffa30ad6000 	/System/Library/Frameworks/OpenGL.framework/Versions/A/Resources/GLEngine.bundle/GLEngine
0x00007ffa3093c000 	/System/Library/Frameworks/OpenGL.framework/Versions/A/Libraries/libGLProgrammability.dylib
0x00007ffa2595e000 	/System/Library/Extensions/AppleIntelKBLGraphicsGLDriver.bundle/Contents/MacOS/AppleIntelKBLGraphicsGLDriver
0x00007ff927f9c000 	/System/Library/PrivateFrameworks/GPUSupport.framework/Versions/A/Libraries/libGPUSupportMercury.dylib
0x00007ffa30c60000 	/System/Library/Frameworks/OpenGL.framework/Versions/A/Resources/GLRendererFloat.bundle/GLRendererFloat
0x0000000111e3b000 	/Users/sondrealfnes/.openjfx/cache/16/libglass.dylib
0x00007ff82a0a2000 	/System/Library/Frameworks/FileProvider.framework/Versions/A/FileProvider
0x00007ff81e0b4000 	/System/Library/Frameworks/Accounts.framework/Versions/A/Accounts
0x00007ff82a21b000 	/System/Library/PrivateFrameworks/GenerationalStorage.framework/Versions/A/GenerationalStorage
0x00007ff82ad2b000 	/System/Library/PrivateFrameworks/CoreSymbolication.framework/Versions/A/CoreSymbolication
0x00007ff829aa6000 	/System/Library/PrivateFrameworks/SymptomDiagnosticReporter.framework/Versions/A/SymptomDiagnosticReporter
0x00007ff81b6d5000 	/System/Library/PrivateFrameworks/DesktopServicesPriv.framework/Versions/A/DesktopServicesPriv
0x00007ff81a555000 	/usr/lib/libsandbox.1.dylib
0x00007ff81f3fb000 	/System/Library/PrivateFrameworks/UserManagement.framework/Versions/A/UserManagement
0x00007ff82acf0000 	/System/Library/PrivateFrameworks/DebugSymbols.framework/Versions/A/DebugSymbols
0x00007ff825a11000 	/System/Library/PrivateFrameworks/NetAuth.framework/Versions/A/NetAuth
0x00007ff826920000 	/System/Library/PrivateFrameworks/Sharing.framework/Versions/A/Sharing
0x00007ff81f3ce000 	/System/Library/PrivateFrameworks/login.framework/Versions/A/Frameworks/loginsupport.framework/Versions/A/loginsupport
0x00007ff82be8e000 	/System/Library/PrivateFrameworks/Apple80211.framework/Versions/A/Apple80211
0x00007ff8225cf000 	/System/Library/PrivateFrameworks/AuthKit.framework/Versions/A/AuthKit
0x00007ff821c24000 	/System/Library/PrivateFrameworks/CoreUtils.framework/Versions/A/CoreUtils
0x00007ff821b4b000 	/System/Library/Frameworks/CoreWLAN.framework/Versions/A/CoreWLAN
0x00007ff826a7f000 	/System/Library/Frameworks/IOBluetooth.framework/Versions/A/IOBluetooth
0x00007ff82bef6000 	/System/Library/PrivateFrameworks/CoreWiFi.framework/Versions/A/CoreWiFi
0x00007ff82a8c5000 	/System/Library/PrivateFrameworks/FrontBoardServices.framework/Versions/A/FrontBoardServices
0x00007ff82a956000 	/System/Library/PrivateFrameworks/BoardServices.framework/Versions/A/BoardServices
0x00007ff821e33000 	/System/Library/PrivateFrameworks/AssertionServices.framework/Versions/A/AssertionServices
0x00007ff82c079000 	/System/Library/PrivateFrameworks/BackBoardServices.framework/Versions/A/BackBoardServices
0x00007ff825e6b000 	/System/Library/PrivateFrameworks/CorePhoneNumbers.framework/Versions/A/CorePhoneNumbers
0x00007ff82572f000 	/System/Library/PrivateFrameworks/MultiverseSupport.framework/Versions/A/MultiverseSupport
0x00007ff82c2ec000 	/System/Library/PrivateFrameworks/RemoteServiceDiscovery.framework/Versions/A/RemoteServiceDiscovery
0x00007ff829bc3000 	/System/Library/PrivateFrameworks/DiskManagement.framework/Versions/A/DiskManagement
0x00007ff829ad7000 	/System/Library/PrivateFrameworks/AppleIDAuthSupport.framework/Versions/A/AppleIDAuthSupport
0x00007ffb17c49000 	/System/Library/PrivateFrameworks/AAAFoundation.framework/Versions/A/AAAFoundation
0x00007ff825e4c000 	/System/Library/PrivateFrameworks/KeychainCircle.framework/Versions/A/KeychainCircle
0x00007ff82c2fc000 	/System/Library/PrivateFrameworks/RemoteXPC.framework/Versions/A/RemoteXPC
0x00007ff829b8f000 	/System/Library/PrivateFrameworks/MediaKit.framework/Versions/A/MediaKit
0x00007ff829ae3000 	/System/Library/Frameworks/DiscRecording.framework/Versions/A/DiscRecording
0x00007ff823425000 	/usr/lib/libCoreStorage.dylib
0x00007ff82c367000 	/usr/lib/libcsfde.dylib
0x00007ff826b4c000 	/System/Library/PrivateFrameworks/ProtectedCloudStorage.framework/Versions/A/ProtectedCloudStorage
0x00007ff82c363000 	/System/Library/PrivateFrameworks/EFILogin.framework/Versions/A/EFILogin
0x00007ff82a241000 	/System/Library/PrivateFrameworks/OctagonTrust.framework/Versions/A/OctagonTrust
0x00007ffb1c515000 	/System/Library/PrivateFrameworks/CoreUtilsExtras.framework/Versions/A/CoreUtilsExtras
0x00007ff829a0a000 	/System/Library/Frameworks/CoreBluetooth.framework/Versions/A/CoreBluetooth
0x00007ff82c9f6000 	/System/Library/Frameworks/AudioUnit.framework/Versions/A/AudioUnit
0x00007ff82341d000 	/usr/lib/libMatch.1.dylib
0x00007ff922429000 	/System/Library/Frameworks/Accelerate.framework/Versions/A/Frameworks/vImage.framework/Versions/A/Libraries/libCGInterfaces.dylib
0x0000000131987000 	/usr/lib/libobjc-trampolines.dylib
0x00007ff81f0f3000 	/System/Library/PrivateFrameworks/ViewBridge.framework/Versions/A/ViewBridge


VM Arguments:
jvm_args: --module-path=/Users/sondrealfnes/Documents/NTNU Informatikk/ITP/gr2216/passwordManager/target/classes:/Users/sondrealfnes/.m2/repository/org/openjfx/javafx-base/16/javafx-base-16-mac.jar:/Users/sondrealfnes/.m2/repository/org/openjfx/javafx-controls/16/javafx-controls-16-mac.jar:/Users/sondrealfnes/.m2/repository/org/openjfx/javafx-fxml/16/javafx-fxml-16-mac.jar:/Users/sondrealfnes/.m2/repository/org/openjfx/javafx-graphics/16/javafx-graphics-16-mac.jar --add-modules=app -Djdk.module.main=app 
java_command: app/app.PasswordManagerApp
java_class_path (initial): /Users/sondrealfnes/.m2/repository/org/openjfx/javafx-base/16/javafx-base-16.jar:/Users/sondrealfnes/.m2/repository/org/openjfx/javafx-controls/16/javafx-controls-16.jar:/Users/sondrealfnes/.m2/repository/org/openjfx/javafx-fxml/16/javafx-fxml-16.jar:/Users/sondrealfnes/.m2/repository/org/openjfx/javafx-graphics/16/javafx-graphics-16.jar
Launcher Type: SUN_STANDARD

[Global flags]
     intx CICompilerCount                          = 4                                         {product} {ergonomic}
     uint ConcGCThreads                            = 2                                         {product} {ergonomic}
     uint G1ConcRefinementThreads                  = 8                                         {product} {ergonomic}
   size_t G1HeapRegionSize                         = 1048576                                   {product} {ergonomic}
    uintx GCDrainStackTargetSize                   = 64                                        {product} {ergonomic}
   size_t InitialHeapSize                          = 134217728                                 {product} {ergonomic}
   size_t MarkStackSize                            = 4194304                                   {product} {ergonomic}
   size_t MaxHeapSize                              = 2147483648                                {product} {ergonomic}
   size_t MaxNewSize                               = 1287651328                                {product} {ergonomic}
   size_t MinHeapDeltaBytes                        = 1048576                                   {product} {ergonomic}
   size_t MinHeapSize                              = 8388608                                   {product} {ergonomic}
    uintx NonNMethodCodeHeapSize                   = 5839372                                {pd product} {ergonomic}
    uintx NonProfiledCodeHeapSize                  = 122909434                              {pd product} {ergonomic}
    uintx ProfiledCodeHeapSize                     = 122909434                              {pd product} {ergonomic}
    uintx ReservedCodeCacheSize                    = 251658240                              {pd product} {ergonomic}
     bool SegmentedCodeCache                       = true                                      {product} {ergonomic}
   size_t SoftMaxHeapSize                          = 2147483648                             {manageable} {ergonomic}
     bool UseCompressedClassPointers               = true                           {product lp64_product} {ergonomic}
     bool UseCompressedOops                        = true                           {product lp64_product} {ergonomic}
     bool UseG1GC                                  = true                                      {product} {ergonomic}
     bool UseNUMA                                  = false                                     {product} {ergonomic}
     bool UseNUMAInterleaving                      = false                                     {product} {ergonomic}

Logging:
Log output configuration:
 #0: stdout all=warning uptime,level,tags foldmultilines=false
 #1: stderr all=off uptime,level,tags foldmultilines=false

Environment Variables:
JAVA_HOME=/usr/local/opt/openjdk/libexec/openjdk.jdk/Contents/Home
PATH=/Library/Frameworks/Python.framework/Versions/3.10/bin:/Library/Frameworks/Python.framework/Versions/3.9/bin:/Library/Frameworks/Python.framework/Versions/2.7/bin:/Library/Frameworks/Python.framework/Versions/3.8/bin:/usr/local/bin:/usr/bin:/bin:/usr/sbin:/sbin:/usr/local/share/dotnet:~/.dotnet/tools:/Library/Frameworks/Mono.framework/Versions/Current/Commands:/Applications/Wireshark.app/Contents/MacOS:/Library/Frameworks/Python.framework/Versions/3.10/bin:/Library/Frameworks/Python.framework/Versions/3.9/bin:/Library/Frameworks/Python.framework/Versions/2.7/bin:/Library/Frameworks/Python.framework/Versions/3.8/bin
SHELL=/bin/zsh
LANG=nb.UTF-8

Signal Handlers:
   SIGSEGV: crash_handler in libjvm.dylib, mask=11100110000111110111111111111111, flags=SA_RESTART|SA_SIGINFO
    SIGBUS: crash_handler in libjvm.dylib, mask=11100110000111110111111111111111, flags=SA_RESTART|SA_SIGINFO
    SIGFPE: crash_handler in libjvm.dylib, mask=11100110000111110111111111111111, flags=SA_RESTART|SA_SIGINFO
   SIGPIPE: javaSignalHandler in libjvm.dylib, mask=11100110000111110111111111111111, flags=SA_RESTART|SA_SIGINFO
   SIGXFSZ: javaSignalHandler in libjvm.dylib, mask=11100110000111110111111111111111, flags=SA_RESTART|SA_SIGINFO
    SIGILL: crash_handler in libjvm.dylib, mask=11100110000111110111111111111111, flags=SA_RESTART|SA_SIGINFO
   SIGUSR2: SR_handler in libjvm.dylib, mask=00100000000000000000000000000000, flags=SA_RESTART|SA_SIGINFO
    SIGHUP: UserHandler in libjvm.dylib, mask=11100110000111110111111111111111, flags=SA_RESTART|SA_SIGINFO
    SIGINT: UserHandler in libjvm.dylib, mask=11100110000111110111111111111111, flags=SA_RESTART|SA_SIGINFO
   SIGTERM: UserHandler in libjvm.dylib, mask=11100110000111110111111111111111, flags=SA_RESTART|SA_SIGINFO
   SIGQUIT: UserHandler in libjvm.dylib, mask=11100110000111110111111111111111, flags=SA_RESTART|SA_SIGINFO
   SIGTRAP: crash_handler in libjvm.dylib, mask=11100110000111110111111111111111, flags=SA_RESTART|SA_SIGINFO


---------------  S Y S T E M  ---------------

OS:
uname: Darwin 21.5.0 Darwin Kernel Version 21.5.0: Tue Apr 26 21:08:22 PDT 2022; root:xnu-8020.121.3~4/RELEASE_X86_64 x86_64
OS uptime: 12 days 19:03 hours
rlimit (soft/hard): STACK 8192k/65532k , CORE 0k/infinity , NPROC 1392/2088 , NOFILE 10240/infinity , AS infinity/infinity , CPU infinity/infinity , DATA infinity/infinity , FSIZE infinity/infinity , MEMLOCK infinity/infinity , RSS infinity/infinity
load average: 3.67 3.67 3.83

CPU: total 8 (initial active 8) (4 cores per cpu, 2 threads per core) family 6 model 142 stepping 10 microcode 0xf0, cx8, cmov, fxsr, ht, mmx, 3dnowpref, sse, sse2, sse3, ssse3, sse4.1, sse4.2, popcnt, lzcnt, tsc, tscinvbit, avx, avx2, aes, erms, clmul, bmi1, bmi2, adx, fma, vzeroupper, clflush, clflushopt

Memory: 4k page, physical 8388608k(32960k free), swap 5242880k(889856k free)

vm_info: OpenJDK 64-Bit Server VM (18.0.2.1+0) for bsd-amd64 JRE (18.0.2.1+0), built on Aug 24 2022 13:04:32 by "brew" with clang Apple LLVM 13.1.6 (clang-1316.0.21.2.5)

END.
